-- The C compiler identification is GNU 9.4.0
-- The CXX compiler identification is GNU 9.4.0
-- Check for working C compiler: /usr/bin/cc
-- Check for working C compiler: /usr/bin/cc -- works
-- Detecting C compiler ABI info
-- Detecting C compiler ABI info - done
-- Detecting C compile features
-- Detecting C compile features - done
-- Check for working CXX compiler: /usr/bin/c++
-- Check for working CXX compiler: /usr/bin/c++ -- works
-- Detecting CXX compiler ABI info
-- Detecting CXX compiler ABI info - done
-- Detecting CXX compile features
-- Detecting CXX compile features - done
-- Found ament_cmake: 0.9.12 (/opt/ros/foxy/share/ament_cmake/cmake)
-- Found PythonInterp: /usr/bin/python3 (found suitable version "3.8.10", minimum required is "3") 
-- Using PYTHON_EXECUTABLE: /usr/bin/python3
-- Found rclcpp: 2.4.3 (/opt/ros/foxy/share/rclcpp/cmake)
-- Using all available rosidl_typesupport_c: rosidl_typesupport_fastrtps_c;rosidl_typesupport_introspection_c
-- Found rosidl_adapter: 1.3.1 (/opt/ros/foxy/share/rosidl_adapter/cmake)
-- Found OpenSSL: /usr/lib/x86_64-linux-gnu/libcrypto.so (found version "1.1.1f")  
-- Found FastRTPS: /opt/ros/foxy/include  
-- Using all available rosidl_typesupport_cpp: rosidl_typesupport_fastrtps_cpp;rosidl_typesupport_introspection_cpp
-- Found rmw_implementation_cmake: 1.0.4 (/opt/ros/foxy/share/rmw_implementation_cmake/cmake)
-- Using RMW implementation 'rmw_fastrtps_cpp' as default
-- Looking for pthread.h
-- Looking for pthread.h - found
-- Performing Test CMAKE_HAVE_LIBC_PTHREAD
-- Performing Test CMAKE_HAVE_LIBC_PTHREAD - Failed
-- Looking for pthread_create in pthreads
-- Looking for pthread_create in pthreads - not found
-- Looking for pthread_create in pthread
-- Looking for pthread_create in pthread - found
-- Found Threads: TRUE  
-- Found pcl_conversions: 2.2.1 (/opt/ros/foxy/share/pcl_conversions/cmake)
-- Checking for module 'eigen3'
--   Found eigen3, version 3.3.7
-- Found Eigen: /usr/include/eigen3 (Required is at least version "3.1") 
-- Eigen found (include: /usr/include/eigen3, version: 3.3.7)
-- Found Boost: /usr/include (found suitable version "1.71.0", minimum required is "1.55.0") found components: system filesystem date_time iostreams regex 
-- Checking for module 'libusb-1.0'
--   Found libusb-1.0, version 1.0.23
-- Found USB_10: /usr/lib/x86_64-linux-gnu/libusb-1.0.so  
-- Found OpenNI: /usr/lib/libOpenNI.so  
-- OpenNI found (include: /usr/include/ni, lib: /usr/lib/libOpenNI.so)
-- Found OpenNI2: /usr/lib/libOpenNI2.so  
-- OpenNI2 found (include: /usr/include/openni2, lib: /usr/lib/libOpenNI2.so)
** WARNING ** io features related to pcap will be disabled
** WARNING ** io features related to png will be disabled
-- The imported target "vtkParseOGLExt" references the file
   "/usr/bin/vtkParseOGLExt-7.1"
but this file does not exist.  Possible reasons include:
* The file was deleted, renamed, or moved to another location.
* An install or uninstall procedure did not complete successfully.
* The installation package was faulty and contained
   "/usr/lib/cmake/vtk-7.1/VTKTargets.cmake"
but not all the files it references.

-- The imported target "vtkRenderingPythonTkWidgets" references the file
   "/usr/lib/x86_64-linux-gnu/libvtkRenderingPythonTkWidgets.so"
but this file does not exist.  Possible reasons include:
* The file was deleted, renamed, or moved to another location.
* An install or uninstall procedure did not complete successfully.
* The installation package was faulty and contained
   "/usr/lib/cmake/vtk-7.1/VTKTargets.cmake"
but not all the files it references.

-- The imported target "vtk" references the file
   "/usr/bin/vtk"
but this file does not exist.  Possible reasons include:
* The file was deleted, renamed, or moved to another location.
* An install or uninstall procedure did not complete successfully.
* The installation package was faulty and contained
   "/usr/lib/cmake/vtk-7.1/VTKTargets.cmake"
but not all the files it references.

-- The imported target "pvtk" references the file
   "/usr/bin/pvtk"
but this file does not exist.  Possible reasons include:
* The file was deleted, renamed, or moved to another location.
* An install or uninstall procedure did not complete successfully.
* The installation package was faulty and contained
   "/usr/lib/cmake/vtk-7.1/VTKTargets.cmake"
but not all the files it references.

** WARNING ** io features related to libusb-1.0 will be disabled
-- Found libusb-1.0: /usr/include  
-- looking for PCL_COMMON
-- Found PCL_COMMON: /usr/lib/x86_64-linux-gnu/libpcl_common.so  
-- looking for PCL_OCTREE
-- Found PCL_OCTREE: /usr/lib/x86_64-linux-gnu/libpcl_octree.so  
-- looking for PCL_IO
-- Found PCL_IO: /usr/lib/x86_64-linux-gnu/libpcl_io.so  
-- Found PCL: pcl_common;pcl_octree;pcl_io;/usr/lib/libboost_system.so;/usr/lib/libboost_filesystem.so;/usr/lib/libboost_date_time.so;/usr/lib/libboost_iostreams.so;/usr/lib/libboost_regex.so;/usr/lib/libOpenNI.so;/usr/lib/libOpenNI2.so;vtkChartsCore;vtkCommonColor;vtkCommonCore;vtksys;vtkCommonDataModel;vtkCommonMath;vtkCommonMisc;vtkCommonSystem;vtkCommonTransforms;vtkCommonExecutionModel;vtkFiltersGeneral;vtkCommonComputationalGeometry;vtkFiltersCore;vtkInfovisCore;vtkFiltersExtraction;vtkFiltersStatistics;vtkImagingFourier;vtkImagingCore;vtkalglib;vtkRenderingContext2D;vtkRenderingCore;vtkFiltersGeometry;vtkFiltersSources;vtkRenderingFreeType;/usr/lib/x86_64-linux-gnu/libfreetype.so;/usr/lib/x86_64-linux-gnu/libz.so;vtkFiltersModeling;vtkImagingSources;vtkInteractionStyle;vtkInteractionWidgets;vtkFiltersHybrid;vtkImagingColor;vtkImagingGeneral;vtkImagingHybrid;vtkIOImage;vtkDICOMParser;vtkmetaio;/usr/lib/x86_64-linux-gnu/libjpeg.so;/usr/lib/x86_64-linux-gnu/libpng.so;/usr/lib/x86_64-linux-gnu/libtiff.so;vtkRenderingAnnotation;vtkRenderingVolume;vtkIOXML;vtkIOCore;vtkIOXMLParser;/usr/lib/x86_64-linux-gnu/libexpat.so;vtkIOGeometry;vtkIOLegacy;vtkIOPLY;vtkRenderingLOD;vtkViewsContext2D;vtkViewsCore;vtkRenderingContextOpenGL2;vtkRenderingOpenGL2  
-- Configuring done
-- Generating done
-- Build files have been written to: /home/athul/Hiwi/submodules/planeDetection/build/my_octomap_converter
[35m[1mScanning dependencies of target pcd_to_octomap[0m
[35m[1mScanning dependencies of target octomap_to_pcd[0m
[ 25%] [32mBuilding CXX object CMakeFiles/pcd_to_octomap.dir/src/pcd_to_octomap.cpp.o[0m
[ 50%] [32mBuilding CXX object CMakeFiles/octomap_to_pcd.dir/src/octomap_to_pcd.cpp.o[0m
[ 75%] [32m[1mLinking CXX executable octomap_to_pcd[0m
[100%] [32m[1mLinking CXX executable pcd_to_octomap[0m
[100%] Built target octomap_to_pcd
[100%] Built target pcd_to_octomap
-- Install configuration: ""
-- Installing: /home/athul/Hiwi/submodules/planeDetection/install/my_octomap_converter/lib/my_octomap_converter/octomap_to_pcd
-- Set runtime path of "/home/athul/Hiwi/submodules/planeDetection/install/my_octomap_converter/lib/my_octomap_converter/octomap_to_pcd" to ""
-- Installing: /home/athul/Hiwi/submodules/planeDetection/install/my_octomap_converter/lib/my_octomap_converter/pcd_to_octomap
-- Set runtime path of "/home/athul/Hiwi/submodules/planeDetection/install/my_octomap_converter/lib/my_octomap_converter/pcd_to_octomap" to ""
-- Installing: /home/athul/Hiwi/submodules/planeDetection/install/my_octomap_converter/share/ament_index/resource_index/package_run_dependencies/my_octomap_converter
-- Installing: /home/athul/Hiwi/submodules/planeDetection/install/my_octomap_converter/share/ament_index/resource_index/parent_prefix_path/my_octomap_converter
-- Installing: /home/athul/Hiwi/submodules/planeDetection/install/my_octomap_converter/share/my_octomap_converter/environment/ament_prefix_path.sh
-- Installing: /home/athul/Hiwi/submodules/planeDetection/install/my_octomap_converter/share/my_octomap_converter/environment/ament_prefix_path.dsv
-- Installing: /home/athul/Hiwi/submodules/planeDetection/install/my_octomap_converter/share/my_octomap_converter/environment/path.sh
-- Installing: /home/athul/Hiwi/submodules/planeDetection/install/my_octomap_converter/share/my_octomap_converter/environment/path.dsv
-- Installing: /home/athul/Hiwi/submodules/planeDetection/install/my_octomap_converter/share/my_octomap_converter/local_setup.bash
-- Installing: /home/athul/Hiwi/submodules/planeDetection/install/my_octomap_converter/share/my_octomap_converter/local_setup.sh
-- Installing: /home/athul/Hiwi/submodules/planeDetection/install/my_octomap_converter/share/my_octomap_converter/local_setup.zsh
-- Installing: /home/athul/Hiwi/submodules/planeDetection/install/my_octomap_converter/share/my_octomap_converter/local_setup.dsv
-- Installing: /home/athul/Hiwi/submodules/planeDetection/install/my_octomap_converter/share/my_octomap_converter/package.dsv
-- Installing: /home/athul/Hiwi/submodules/planeDetection/install/my_octomap_converter/share/ament_index/resource_index/packages/my_octomap_converter
-- Installing: /home/athul/Hiwi/submodules/planeDetection/install/my_octomap_converter/share/my_octomap_converter/cmake/my_octomap_converterConfig.cmake
-- Installing: /home/athul/Hiwi/submodules/planeDetection/install/my_octomap_converter/share/my_octomap_converter/cmake/my_octomap_converterConfig-version.cmake
-- Installing: /home/athul/Hiwi/submodules/planeDetection/install/my_octomap_converter/share/my_octomap_converter/package.xml
