[0.042s] Invoking command in '/home/athul/Hiwi/submodules/planeDetection/build/my_octomap_converter': CMAKE_PREFIX_PATH=/opt/ros/foxy /usr/bin/cmake /home/athul/Hiwi/submodules/planeDetection/ros2/src/my_octomap_converter/my_octomap_converter -DCMAKE_INSTALL_PREFIX=/home/athul/Hiwi/submodules/planeDetection/install/my_octomap_converter
[0.256s] -- The C compiler identification is GNU 9.4.0
[0.256s] -- The CXX compiler identification is GNU 9.4.0
[0.257s] -- Check for working C compiler: /usr/bin/cc
[0.314s] -- Check for working C compiler: /usr/bin/cc -- works
[0.315s] -- Detecting C compiler ABI info
[0.393s] -- Detecting C compiler ABI info - done
[0.400s] -- Detecting C compile features
[0.401s] -- Detecting C compile features - done
[0.402s] -- Check for working CXX compiler: /usr/bin/c++
[0.494s] -- Check for working CXX compiler: /usr/bin/c++ -- works
[0.496s] -- Detecting CXX compiler ABI info
[0.580s] -- Detecting CXX compiler ABI info - done
[0.588s] -- Detecting CXX compile features
[0.588s] -- Detecting CXX compile features - done
[0.591s] -- Found ament_cmake: 0.9.12 (/opt/ros/foxy/share/ament_cmake/cmake)
[0.612s] -- Found PythonInterp: /usr/bin/python3 (found suitable version "3.8.10", minimum required is "3") 
[0.612s] -- Using PYTHON_EXECUTABLE: /usr/bin/python3
[0.797s] -- Found rclcpp: 2.4.3 (/opt/ros/foxy/share/rclcpp/cmake)
[0.845s] -- Using all available rosidl_typesupport_c: rosidl_typesupport_fastrtps_c;rosidl_typesupport_introspection_c
[0.854s] -- Found rosidl_adapter: 1.3.1 (/opt/ros/foxy/share/rosidl_adapter/cmake)
[0.987s] -- Found OpenSSL: /usr/lib/x86_64-linux-gnu/libcrypto.so (found version "1.1.1f")  
[1.024s] -- Found FastRTPS: /opt/ros/foxy/include  
[1.108s] -- Using all available rosidl_typesupport_cpp: rosidl_typesupport_fastrtps_cpp;rosidl_typesupport_introspection_cpp
[1.160s] -- Found rmw_implementation_cmake: 1.0.4 (/opt/ros/foxy/share/rmw_implementation_cmake/cmake)
[1.161s] -- Using RMW implementation 'rmw_fastrtps_cpp' as default
[1.163s] -- Looking for pthread.h
[1.250s] -- Looking for pthread.h - found
[1.251s] -- Performing Test CMAKE_HAVE_LIBC_PTHREAD
[1.339s] -- Performing Test CMAKE_HAVE_LIBC_PTHREAD - Failed
[1.339s] -- Looking for pthread_create in pthreads
[1.415s] -- Looking for pthread_create in pthreads - not found
[1.415s] -- Looking for pthread_create in pthread
[1.504s] -- Looking for pthread_create in pthread - found
[1.505s] -- Found Threads: TRUE  
[1.629s] -- Found pcl_conversions: 2.2.1 (/opt/ros/foxy/share/pcl_conversions/cmake)
[1.870s] -- Checking for module 'eigen3'
[1.897s] --   Found eigen3, version 3.3.7
[1.962s] -- Found Eigen: /usr/include/eigen3 (Required is at least version "3.1") 
[1.962s] -- Eigen found (include: /usr/include/eigen3, version: 3.3.7)
[1.982s] -- Found Boost: /usr/include (found suitable version "1.71.0", minimum required is "1.55.0") found components: system filesystem date_time iostreams regex 
[1.989s] -- Checking for module 'libusb-1.0'
[2.024s] --   Found libusb-1.0, version 1.0.23
[2.096s] -- Found USB_10: /usr/lib/x86_64-linux-gnu/libusb-1.0.so  
[2.191s] -- Found OpenNI: /usr/lib/libOpenNI.so  
[2.192s] -- OpenNI found (include: /usr/include/ni, lib: /usr/lib/libOpenNI.so)
[2.311s] -- Found OpenNI2: /usr/lib/libOpenNI2.so  
[2.311s] -- OpenNI2 found (include: /usr/include/openni2, lib: /usr/lib/libOpenNI2.so)
[2.312s] ** WARNING ** io features related to pcap will be disabled
[2.312s] ** WARNING ** io features related to png will be disabled
[2.363s] -- The imported target "vtkParseOGLExt" references the file
[2.363s]    "/usr/bin/vtkParseOGLExt-7.1"
[2.363s] but this file does not exist.  Possible reasons include:
[2.363s] * The file was deleted, renamed, or moved to another location.
[2.363s] * An install or uninstall procedure did not complete successfully.
[2.363s] * The installation package was faulty and contained
[2.363s]    "/usr/lib/cmake/vtk-7.1/VTKTargets.cmake"
[2.364s] but not all the files it references.
[2.364s] 
[2.364s] -- The imported target "vtkRenderingPythonTkWidgets" references the file
[2.364s]    "/usr/lib/x86_64-linux-gnu/libvtkRenderingPythonTkWidgets.so"
[2.364s] but this file does not exist.  Possible reasons include:
[2.364s] * The file was deleted, renamed, or moved to another location.
[2.364s] * An install or uninstall procedure did not complete successfully.
[2.364s] * The installation package was faulty and contained
[2.365s]    "/usr/lib/cmake/vtk-7.1/VTKTargets.cmake"
[2.365s] but not all the files it references.
[2.365s] 
[2.365s] -- The imported target "vtk" references the file
[2.365s]    "/usr/bin/vtk"
[2.365s] but this file does not exist.  Possible reasons include:
[2.365s] * The file was deleted, renamed, or moved to another location.
[2.365s] * An install or uninstall procedure did not complete successfully.
[2.365s] * The installation package was faulty and contained
[2.365s]    "/usr/lib/cmake/vtk-7.1/VTKTargets.cmake"
[2.365s] but not all the files it references.
[2.365s] 
[2.366s] -- The imported target "pvtk" references the file
[2.366s]    "/usr/bin/pvtk"
[2.366s] but this file does not exist.  Possible reasons include:
[2.366s] * The file was deleted, renamed, or moved to another location.
[2.366s] * An install or uninstall procedure did not complete successfully.
[2.366s] * The installation package was faulty and contained
[2.366s]    "/usr/lib/cmake/vtk-7.1/VTKTargets.cmake"
[2.366s] but not all the files it references.
[2.366s] 
[2.384s] ** WARNING ** io features related to libusb-1.0 will be disabled
[2.384s] -- Found libusb-1.0: /usr/include  
[2.384s] -- looking for PCL_COMMON
[2.385s] -- Found PCL_COMMON: /usr/lib/x86_64-linux-gnu/libpcl_common.so  
[2.385s] -- looking for PCL_OCTREE
[2.386s] -- Found PCL_OCTREE: /usr/lib/x86_64-linux-gnu/libpcl_octree.so  
[2.386s] -- looking for PCL_IO
[2.387s] -- Found PCL_IO: /usr/lib/x86_64-linux-gnu/libpcl_io.so  
[2.388s] -- Found PCL: pcl_common;pcl_octree;pcl_io;/usr/lib/libboost_system.so;/usr/lib/libboost_filesystem.so;/usr/lib/libboost_date_time.so;/usr/lib/libboost_iostreams.so;/usr/lib/libboost_regex.so;/usr/lib/libOpenNI.so;/usr/lib/libOpenNI2.so;vtkChartsCore;vtkCommonColor;vtkCommonCore;vtksys;vtkCommonDataModel;vtkCommonMath;vtkCommonMisc;vtkCommonSystem;vtkCommonTransforms;vtkCommonExecutionModel;vtkFiltersGeneral;vtkCommonComputationalGeometry;vtkFiltersCore;vtkInfovisCore;vtkFiltersExtraction;vtkFiltersStatistics;vtkImagingFourier;vtkImagingCore;vtkalglib;vtkRenderingContext2D;vtkRenderingCore;vtkFiltersGeometry;vtkFiltersSources;vtkRenderingFreeType;/usr/lib/x86_64-linux-gnu/libfreetype.so;/usr/lib/x86_64-linux-gnu/libz.so;vtkFiltersModeling;vtkImagingSources;vtkInteractionStyle;vtkInteractionWidgets;vtkFiltersHybrid;vtkImagingColor;vtkImagingGeneral;vtkImagingHybrid;vtkIOImage;vtkDICOMParser;vtkmetaio;/usr/lib/x86_64-linux-gnu/libjpeg.so;/usr/lib/x86_64-linux-gnu/libpng.so;/usr/lib/x86_64-linux-gnu/libtiff.so;vtkRenderingAnnotation;vtkRenderingVolume;vtkIOXML;vtkIOCore;vtkIOXMLParser;/usr/lib/x86_64-linux-gnu/libexpat.so;vtkIOGeometry;vtkIOLegacy;vtkIOPLY;vtkRenderingLOD;vtkViewsContext2D;vtkViewsCore;vtkRenderingContextOpenGL2;vtkRenderingOpenGL2  
[2.525s] -- Configuring done
[2.587s] -- Generating done
[2.589s] -- Build files have been written to: /home/athul/Hiwi/submodules/planeDetection/build/my_octomap_converter
[2.599s] Invoked command in '/home/athul/Hiwi/submodules/planeDetection/build/my_octomap_converter' returned '0': CMAKE_PREFIX_PATH=/opt/ros/foxy /usr/bin/cmake /home/athul/Hiwi/submodules/planeDetection/ros2/src/my_octomap_converter/my_octomap_converter -DCMAKE_INSTALL_PREFIX=/home/athul/Hiwi/submodules/planeDetection/install/my_octomap_converter
[2.604s] Invoking command in '/home/athul/Hiwi/submodules/planeDetection/build/my_octomap_converter': CMAKE_PREFIX_PATH=/opt/ros/foxy /usr/bin/cmake --build /home/athul/Hiwi/submodules/planeDetection/build/my_octomap_converter -- -j16 -l16
[2.666s] [35m[1mScanning dependencies of target pcd_to_octomap[0m
[2.667s] [35m[1mScanning dependencies of target octomap_to_pcd[0m
[2.749s] [ 25%] [32mBuilding CXX object CMakeFiles/pcd_to_octomap.dir/src/pcd_to_octomap.cpp.o[0m
[2.751s] [ 50%] [32mBuilding CXX object CMakeFiles/octomap_to_pcd.dir/src/octomap_to_pcd.cpp.o[0m
[7.071s] [ 75%] [32m[1mLinking CXX executable octomap_to_pcd[0m
[7.253s] [100%] [32m[1mLinking CXX executable pcd_to_octomap[0m
[7.309s] [100%] Built target octomap_to_pcd
[7.505s] [100%] Built target pcd_to_octomap
[7.520s] Invoked command in '/home/athul/Hiwi/submodules/planeDetection/build/my_octomap_converter' returned '0': CMAKE_PREFIX_PATH=/opt/ros/foxy /usr/bin/cmake --build /home/athul/Hiwi/submodules/planeDetection/build/my_octomap_converter -- -j16 -l16
[7.582s] Invoking command in '/home/athul/Hiwi/submodules/planeDetection/build/my_octomap_converter': CMAKE_PREFIX_PATH=/opt/ros/foxy /usr/bin/cmake --install /home/athul/Hiwi/submodules/planeDetection/build/my_octomap_converter
[7.591s] -- Install configuration: ""
[7.591s] -- Installing: /home/athul/Hiwi/submodules/planeDetection/install/my_octomap_converter/lib/my_octomap_converter/octomap_to_pcd
[7.592s] -- Set runtime path of "/home/athul/Hiwi/submodules/planeDetection/install/my_octomap_converter/lib/my_octomap_converter/octomap_to_pcd" to ""
[7.592s] -- Installing: /home/athul/Hiwi/submodules/planeDetection/install/my_octomap_converter/lib/my_octomap_converter/pcd_to_octomap
[7.593s] -- Set runtime path of "/home/athul/Hiwi/submodules/planeDetection/install/my_octomap_converter/lib/my_octomap_converter/pcd_to_octomap" to ""
[7.593s] -- Installing: /home/athul/Hiwi/submodules/planeDetection/install/my_octomap_converter/share/ament_index/resource_index/package_run_dependencies/my_octomap_converter
[7.593s] -- Installing: /home/athul/Hiwi/submodules/planeDetection/install/my_octomap_converter/share/ament_index/resource_index/parent_prefix_path/my_octomap_converter
[7.593s] -- Installing: /home/athul/Hiwi/submodules/planeDetection/install/my_octomap_converter/share/my_octomap_converter/environment/ament_prefix_path.sh
[7.594s] -- Installing: /home/athul/Hiwi/submodules/planeDetection/install/my_octomap_converter/share/my_octomap_converter/environment/ament_prefix_path.dsv
[7.594s] -- Installing: /home/athul/Hiwi/submodules/planeDetection/install/my_octomap_converter/share/my_octomap_converter/environment/path.sh
[7.594s] -- Installing: /home/athul/Hiwi/submodules/planeDetection/install/my_octomap_converter/share/my_octomap_converter/environment/path.dsv
[7.594s] -- Installing: /home/athul/Hiwi/submodules/planeDetection/install/my_octomap_converter/share/my_octomap_converter/local_setup.bash
[7.594s] -- Installing: /home/athul/Hiwi/submodules/planeDetection/install/my_octomap_converter/share/my_octomap_converter/local_setup.sh
[7.595s] -- Installing: /home/athul/Hiwi/submodules/planeDetection/install/my_octomap_converter/share/my_octomap_converter/local_setup.zsh
[7.595s] -- Installing: /home/athul/Hiwi/submodules/planeDetection/install/my_octomap_converter/share/my_octomap_converter/local_setup.dsv
[7.595s] -- Installing: /home/athul/Hiwi/submodules/planeDetection/install/my_octomap_converter/share/my_octomap_converter/package.dsv
[7.596s] -- Installing: /home/athul/Hiwi/submodules/planeDetection/install/my_octomap_converter/share/ament_index/resource_index/packages/my_octomap_converter
[7.596s] -- Installing: /home/athul/Hiwi/submodules/planeDetection/install/my_octomap_converter/share/my_octomap_converter/cmake/my_octomap_converterConfig.cmake
[7.597s] -- Installing: /home/athul/Hiwi/submodules/planeDetection/install/my_octomap_converter/share/my_octomap_converter/cmake/my_octomap_converterConfig-version.cmake
[7.597s] -- Installing: /home/athul/Hiwi/submodules/planeDetection/install/my_octomap_converter/share/my_octomap_converter/package.xml
[7.600s] Invoked command in '/home/athul/Hiwi/submodules/planeDetection/build/my_octomap_converter' returned '0': CMAKE_PREFIX_PATH=/opt/ros/foxy /usr/bin/cmake --install /home/athul/Hiwi/submodules/planeDetection/build/my_octomap_converter
