[0.913s] Invoking command in '/home/athul/Hiwi/submodules/planeDetection/ros2/src/pointcloud_publisher': PYTHONPATH=/home/athul/Hiwi/submodules/planeDetection/build/pointcloud_publisher/prefix_override:/usr/lib/python3/dist-packages/colcon_core/task/python/colcon_distutils_commands:/home/athul/Hiwi/submodules/planeDetection/install/pointcloud_publisher/lib/python3.8/site-packages:${PYTHONPATH} /usr/bin/python3 -W ignore:setup.py install is deprecated setup.py egg_info --egg-base ../../../build/pointcloud_publisher build --build-base /home/athul/Hiwi/submodules/planeDetection/build/pointcloud_publisher/build install --record /home/athul/Hiwi/submodules/planeDetection/build/pointcloud_publisher/install.log --single-version-externally-managed install_data
[1.099s] running egg_info
[1.099s] creating ../../../build/pointcloud_publisher/pointcloud_publisher.egg-info
[1.100s] writing ../../../build/pointcloud_publisher/pointcloud_publisher.egg-info/PKG-INFO
[1.100s] writing dependency_links to ../../../build/pointcloud_publisher/pointcloud_publisher.egg-info/dependency_links.txt
[1.100s] writing entry points to ../../../build/pointcloud_publisher/pointcloud_publisher.egg-info/entry_points.txt
[1.100s] writing requirements to ../../../build/pointcloud_publisher/pointcloud_publisher.egg-info/requires.txt
[1.100s] writing top-level names to ../../../build/pointcloud_publisher/pointcloud_publisher.egg-info/top_level.txt
[1.102s] writing manifest file '../../../build/pointcloud_publisher/pointcloud_publisher.egg-info/SOURCES.txt'
[1.124s] reading manifest file '../../../build/pointcloud_publisher/pointcloud_publisher.egg-info/SOURCES.txt'
[1.124s] writing manifest file '../../../build/pointcloud_publisher/pointcloud_publisher.egg-info/SOURCES.txt'
[1.125s] running build
[1.125s] running build_py
[1.125s] creating /home/athul/Hiwi/submodules/planeDetection/build/pointcloud_publisher/build
[1.125s] creating /home/athul/Hiwi/submodules/planeDetection/build/pointcloud_publisher/build/lib
[1.125s] creating /home/athul/Hiwi/submodules/planeDetection/build/pointcloud_publisher/build/lib/pointcloud_publisher
[1.125s] copying pointcloud_publisher/pointcloud_publisher.py -> /home/athul/Hiwi/submodules/planeDetection/build/pointcloud_publisher/build/lib/pointcloud_publisher
[1.125s] copying pointcloud_publisher/__init__.py -> /home/athul/Hiwi/submodules/planeDetection/build/pointcloud_publisher/build/lib/pointcloud_publisher
[1.126s] copying pointcloud_publisher/setup.py -> /home/athul/Hiwi/submodules/planeDetection/build/pointcloud_publisher/build/lib/pointcloud_publisher
[1.126s] copying pointcloud_publisher/pointcloud_subscriber.py -> /home/athul/Hiwi/submodules/planeDetection/build/pointcloud_publisher/build/lib/pointcloud_publisher
[1.126s] running install
[1.126s] running install_lib
[1.126s] creating /home/athul/Hiwi/submodules/planeDetection/install/pointcloud_publisher/lib/python3.8/site-packages/pointcloud_publisher
[1.127s] copying /home/athul/Hiwi/submodules/planeDetection/build/pointcloud_publisher/build/lib/pointcloud_publisher/pointcloud_publisher.py -> /home/athul/Hiwi/submodules/planeDetection/install/pointcloud_publisher/lib/python3.8/site-packages/pointcloud_publisher
[1.127s] copying /home/athul/Hiwi/submodules/planeDetection/build/pointcloud_publisher/build/lib/pointcloud_publisher/__init__.py -> /home/athul/Hiwi/submodules/planeDetection/install/pointcloud_publisher/lib/python3.8/site-packages/pointcloud_publisher
[1.127s] copying /home/athul/Hiwi/submodules/planeDetection/build/pointcloud_publisher/build/lib/pointcloud_publisher/setup.py -> /home/athul/Hiwi/submodules/planeDetection/install/pointcloud_publisher/lib/python3.8/site-packages/pointcloud_publisher
[1.127s] copying /home/athul/Hiwi/submodules/planeDetection/build/pointcloud_publisher/build/lib/pointcloud_publisher/pointcloud_subscriber.py -> /home/athul/Hiwi/submodules/planeDetection/install/pointcloud_publisher/lib/python3.8/site-packages/pointcloud_publisher
[1.127s] byte-compiling /home/athul/Hiwi/submodules/planeDetection/install/pointcloud_publisher/lib/python3.8/site-packages/pointcloud_publisher/pointcloud_publisher.py to pointcloud_publisher.cpython-38.pyc
[1.129s] byte-compiling /home/athul/Hiwi/submodules/planeDetection/install/pointcloud_publisher/lib/python3.8/site-packages/pointcloud_publisher/__init__.py to __init__.cpython-38.pyc
[1.129s] byte-compiling /home/athul/Hiwi/submodules/planeDetection/install/pointcloud_publisher/lib/python3.8/site-packages/pointcloud_publisher/setup.py to setup.cpython-38.pyc
[1.129s] byte-compiling /home/athul/Hiwi/submodules/planeDetection/install/pointcloud_publisher/lib/python3.8/site-packages/pointcloud_publisher/pointcloud_subscriber.py to pointcloud_subscriber.cpython-38.pyc
[1.129s] running install_data
[1.129s] creating /home/athul/Hiwi/submodules/planeDetection/install/pointcloud_publisher/share/ament_index
[1.129s] creating /home/athul/Hiwi/submodules/planeDetection/install/pointcloud_publisher/share/ament_index/resource_index
[1.130s] creating /home/athul/Hiwi/submodules/planeDetection/install/pointcloud_publisher/share/ament_index/resource_index/packages
[1.130s] copying resource/pointcloud_publisher -> /home/athul/Hiwi/submodules/planeDetection/install/pointcloud_publisher/share/ament_index/resource_index/packages
[1.130s] copying package.xml -> /home/athul/Hiwi/submodules/planeDetection/install/pointcloud_publisher/share/pointcloud_publisher
[1.130s] running install_egg_info
[1.131s] Copying ../../../build/pointcloud_publisher/pointcloud_publisher.egg-info to /home/athul/Hiwi/submodules/planeDetection/install/pointcloud_publisher/lib/python3.8/site-packages/pointcloud_publisher-0.0.0-py3.8.egg-info
[1.131s] running install_scripts
[1.143s] Installing pointcloud_publisher script to /home/athul/Hiwi/submodules/planeDetection/install/pointcloud_publisher/lib/pointcloud_publisher
[1.143s] Installing pointcloud_subscriber script to /home/athul/Hiwi/submodules/planeDetection/install/pointcloud_publisher/lib/pointcloud_publisher
[1.144s] writing list of installed files to '/home/athul/Hiwi/submodules/planeDetection/build/pointcloud_publisher/install.log'
[1.163s] Invoked command in '/home/athul/Hiwi/submodules/planeDetection/ros2/src/pointcloud_publisher' returned '0': PYTHONPATH=/home/athul/Hiwi/submodules/planeDetection/build/pointcloud_publisher/prefix_override:/usr/lib/python3/dist-packages/colcon_core/task/python/colcon_distutils_commands:/home/athul/Hiwi/submodules/planeDetection/install/pointcloud_publisher/lib/python3.8/site-packages:${PYTHONPATH} /usr/bin/python3 -W ignore:setup.py install is deprecated setup.py egg_info --egg-base ../../../build/pointcloud_publisher build --build-base /home/athul/Hiwi/submodules/planeDetection/build/pointcloud_publisher/build install --record /home/athul/Hiwi/submodules/planeDetection/build/pointcloud_publisher/install.log --single-version-externally-managed install_data
