running egg_info
creating ../../../build/pointcloud_plane_detection/pointcloud_plane_detection.egg-info
writing ../../../build/pointcloud_plane_detection/pointcloud_plane_detection.egg-info/PKG-INFO
writing dependency_links to ../../../build/pointcloud_plane_detection/pointcloud_plane_detection.egg-info/dependency_links.txt
writing entry points to ../../../build/pointcloud_plane_detection/pointcloud_plane_detection.egg-info/entry_points.txt
writing requirements to ../../../build/pointcloud_plane_detection/pointcloud_plane_detection.egg-info/requires.txt
writing top-level names to ../../../build/pointcloud_plane_detection/pointcloud_plane_detection.egg-info/top_level.txt
writing manifest file '../../../build/pointcloud_plane_detection/pointcloud_plane_detection.egg-info/SOURCES.txt'
reading manifest file '../../../build/pointcloud_plane_detection/pointcloud_plane_detection.egg-info/SOURCES.txt'
writing manifest file '../../../build/pointcloud_plane_detection/pointcloud_plane_detection.egg-info/SOURCES.txt'
running build
running build_py
creating /home/athul/Hiwi/submodules/planeDetection/build/pointcloud_plane_detection/build
creating /home/athul/Hiwi/submodules/planeDetection/build/pointcloud_plane_detection/build/lib
creating /home/athul/Hiwi/submodules/planeDetection/build/pointcloud_plane_detection/build/lib/pointcloud_plane_detection
copying pointcloud_plane_detection/__init__.py -> /home/athul/Hiwi/submodules/planeDetection/build/pointcloud_plane_detection/build/lib/pointcloud_plane_detection
copying pointcloud_plane_detection/plane_detection.py -> /home/athul/Hiwi/submodules/planeDetection/build/pointcloud_plane_detection/build/lib/pointcloud_plane_detection
running install
running install_lib
creating /home/athul/Hiwi/submodules/planeDetection/install/pointcloud_plane_detection/lib/python3.8/site-packages/pointcloud_plane_detection
copying /home/athul/Hiwi/submodules/planeDetection/build/pointcloud_plane_detection/build/lib/pointcloud_plane_detection/plane_detection.py -> /home/athul/Hiwi/submodules/planeDetection/install/pointcloud_plane_detection/lib/python3.8/site-packages/pointcloud_plane_detection
copying /home/athul/Hiwi/submodules/planeDetection/build/pointcloud_plane_detection/build/lib/pointcloud_plane_detection/__init__.py -> /home/athul/Hiwi/submodules/planeDetection/install/pointcloud_plane_detection/lib/python3.8/site-packages/pointcloud_plane_detection
byte-compiling /home/athul/Hiwi/submodules/planeDetection/install/pointcloud_plane_detection/lib/python3.8/site-packages/pointcloud_plane_detection/plane_detection.py to plane_detection.cpython-38.pyc
byte-compiling /home/athul/Hiwi/submodules/planeDetection/install/pointcloud_plane_detection/lib/python3.8/site-packages/pointcloud_plane_detection/__init__.py to __init__.cpython-38.pyc
running install_data
creating /home/athul/Hiwi/submodules/planeDetection/install/pointcloud_plane_detection/share/ament_index
creating /home/athul/Hiwi/submodules/planeDetection/install/pointcloud_plane_detection/share/ament_index/resource_index
creating /home/athul/Hiwi/submodules/planeDetection/install/pointcloud_plane_detection/share/ament_index/resource_index/packages
copying resource/pointcloud_plane_detection -> /home/athul/Hiwi/submodules/planeDetection/install/pointcloud_plane_detection/share/ament_index/resource_index/packages
copying package.xml -> /home/athul/Hiwi/submodules/planeDetection/install/pointcloud_plane_detection/share/pointcloud_plane_detection
running install_egg_info
Copying ../../../build/pointcloud_plane_detection/pointcloud_plane_detection.egg-info to /home/athul/Hiwi/submodules/planeDetection/install/pointcloud_plane_detection/lib/python3.8/site-packages/pointcloud_plane_detection-0.0.0-py3.8.egg-info
running install_scripts
Installing plane_detection script to /home/athul/Hiwi/submodules/planeDetection/install/pointcloud_plane_detection/lib/pointcloud_plane_detection
writing list of installed files to '/home/athul/Hiwi/submodules/planeDetection/build/pointcloud_plane_detection/install.log'
