-- The C compiler identification is GNU 9.4.0
-- The CXX compiler identification is GNU 9.4.0
-- Check for working C compiler: /usr/bin/cc
-- Check for working C compiler: /usr/bin/cc -- works
-- Detecting C compiler ABI info
-- Detecting C compiler ABI info - done
-- Detecting C compile features
-- Detecting C compile features - done
-- Check for working CXX compiler: /usr/bin/c++
-- Check for working CXX compiler: /usr/bin/c++ -- works
-- Detecting CXX compiler ABI info
-- Detecting CXX compiler ABI info - done
-- Detecting CXX compile features
-- Detecting CXX compile features - done
-- Found ament_cmake: 0.9.12 (/opt/ros/foxy/share/ament_cmake/cmake)
-- Found PythonInterp: /usr/bin/python3 (found suitable version "3.8.10", minimum required is "3") 
-- Using PYTHON_EXECUTABLE: /usr/bin/python3
-- Found rclcpp: 2.4.3 (/opt/ros/foxy/share/rclcpp/cmake)
-- Using all available rosidl_typesupport_c: rosidl_typesupport_fastrtps_c;rosidl_typesupport_introspection_c
-- Found rosidl_adapter: 1.3.1 (/opt/ros/foxy/share/rosidl_adapter/cmake)
-- Found OpenSSL: /usr/lib/x86_64-linux-gnu/libcrypto.so (found version "1.1.1f")  
-- Found FastRTPS: /opt/ros/foxy/include  
-- Using all available rosidl_typesupport_cpp: rosidl_typesupport_fastrtps_cpp;rosidl_typesupport_introspection_cpp
-- Found rmw_implementation_cmake: 1.0.4 (/opt/ros/foxy/share/rmw_implementation_cmake/cmake)
-- Using RMW implementation 'rmw_fastrtps_cpp' as default
-- Looking for pthread.h
-- Looking for pthread.h - found
-- Performing Test CMAKE_HAVE_LIBC_PTHREAD
-- Performing Test CMAKE_HAVE_LIBC_PTHREAD - Failed
-- Looking for pthread_create in pthreads
-- Looking for pthread_create in pthreads - not found
-- Looking for pthread_create in pthread
-- Looking for pthread_create in pthread - found
-- Found Threads: TRUE  
-- Found rclcpp_components: 2.4.3 (/opt/ros/foxy/share/rclcpp_components/cmake)
-- Checking for module 'eigen3'
--   Found eigen3, version 3.3.7
-- Found Eigen: /usr/include/eigen3 (Required is at least version "3.1") 
-- Eigen found (include: /usr/include/eigen3, version: 3.3.7)
-- Found Boost: /usr/include (found suitable version "1.71.0", minimum required is "1.55.0") found components: system filesystem date_time iostreams regex 
-- Checking for module 'flann'
--   Found flann, version 1.9.1
-- Found FLANN: /usr/lib/x86_64-linux-gnu/libflann_cpp.so  
-- The imported target "vtkParseOGLExt" references the file
   "/usr/bin/vtkParseOGLExt-7.1"
but this file does not exist.  Possible reasons include:
* The file was deleted, renamed, or moved to another location.
* An install or uninstall procedure did not complete successfully.
* The installation package was faulty and contained
   "/usr/lib/cmake/vtk-7.1/VTKTargets.cmake"
but not all the files it references.

-- The imported target "vtkRenderingPythonTkWidgets" references the file
   "/usr/lib/x86_64-linux-gnu/libvtkRenderingPythonTkWidgets.so"
but this file does not exist.  Possible reasons include:
* The file was deleted, renamed, or moved to another location.
* An install or uninstall procedure did not complete successfully.
* The installation package was faulty and contained
   "/usr/lib/cmake/vtk-7.1/VTKTargets.cmake"
but not all the files it references.

-- The imported target "vtk" references the file
   "/usr/bin/vtk"
but this file does not exist.  Possible reasons include:
* The file was deleted, renamed, or moved to another location.
* An install or uninstall procedure did not complete successfully.
* The installation package was faulty and contained
   "/usr/lib/cmake/vtk-7.1/VTKTargets.cmake"
but not all the files it references.

-- The imported target "pvtk" references the file
   "/usr/bin/pvtk"
but this file does not exist.  Possible reasons include:
* The file was deleted, renamed, or moved to another location.
* An install or uninstall procedure did not complete successfully.
* The installation package was faulty and contained
   "/usr/lib/cmake/vtk-7.1/VTKTargets.cmake"
but not all the files it references.

-- Checking for module 'libusb-1.0'
--   Found libusb-1.0, version 1.0.23
-- Found USB_10: /usr/lib/x86_64-linux-gnu/libusb-1.0.so  
-- Found OpenNI: /usr/lib/libOpenNI.so  
-- OpenNI found (include: /usr/include/ni, lib: /usr/lib/libOpenNI.so)
-- Found OpenNI2: /usr/lib/libOpenNI2.so  
-- OpenNI2 found (include: /usr/include/openni2, lib: /usr/lib/libOpenNI2.so)
** WARNING ** io features related to pcap will be disabled
** WARNING ** io features related to png will be disabled
-- Found libusb-1.0: /usr/include  
** WARNING ** io features related to libusb-1.0 will be disabled
-- OpenNI found (include: /usr/include/ni, lib: /usr/lib/libOpenNI.so)
-- OpenNI2 found (include: /usr/include/openni2, lib: /usr/lib/libOpenNI2.so)
-- Found Qhull: optimized;/usr/lib/x86_64-linux-gnu/libqhull.so;debug;/usr/lib/x86_64-linux-gnu/libqhull.so  
-- QHULL found (include: /usr/include, lib: optimized;/usr/lib/x86_64-linux-gnu/libqhull.so;debug;/usr/lib/x86_64-linux-gnu/libqhull.so)
-- OpenNI found (include: /usr/include/ni, lib: /usr/lib/libOpenNI.so)
-- looking for PCL_COMMON
-- Found PCL_COMMON: /usr/lib/x86_64-linux-gnu/libpcl_common.so  
-- looking for PCL_KDTREE
-- Found PCL_KDTREE: /usr/lib/x86_64-linux-gnu/libpcl_kdtree.so  
-- looking for PCL_OCTREE
-- Found PCL_OCTREE: /usr/lib/x86_64-linux-gnu/libpcl_octree.so  
-- looking for PCL_SEARCH
-- Found PCL_SEARCH: /usr/lib/x86_64-linux-gnu/libpcl_search.so  
-- looking for PCL_SAMPLE_CONSENSUS
-- Found PCL_SAMPLE_CONSENSUS: /usr/lib/x86_64-linux-gnu/libpcl_sample_consensus.so  
-- looking for PCL_FILTERS
-- Found PCL_FILTERS: /usr/lib/x86_64-linux-gnu/libpcl_filters.so  
-- looking for PCL_2D
-- Found PCL_2D: /usr/include/pcl-1.10  
-- looking for PCL_GEOMETRY
-- Found PCL_GEOMETRY: /usr/include/pcl-1.10  
-- looking for PCL_IO
-- Found PCL_IO: /usr/lib/x86_64-linux-gnu/libpcl_io.so  
-- looking for PCL_FEATURES
-- Found PCL_FEATURES: /usr/lib/x86_64-linux-gnu/libpcl_features.so  
-- looking for PCL_ML
-- Found PCL_ML: /usr/lib/x86_64-linux-gnu/libpcl_ml.so  
-- looking for PCL_SEGMENTATION
-- Found PCL_SEGMENTATION: /usr/lib/x86_64-linux-gnu/libpcl_segmentation.so  
-- looking for PCL_VISUALIZATION
-- Found PCL_VISUALIZATION: /usr/lib/x86_64-linux-gnu/libpcl_visualization.so  
-- looking for PCL_SURFACE
-- Found PCL_SURFACE: /usr/lib/x86_64-linux-gnu/libpcl_surface.so  
-- looking for PCL_REGISTRATION
-- Found PCL_REGISTRATION: /usr/lib/x86_64-linux-gnu/libpcl_registration.so  
-- looking for PCL_KEYPOINTS
-- Found PCL_KEYPOINTS: /usr/lib/x86_64-linux-gnu/libpcl_keypoints.so  
-- looking for PCL_TRACKING
-- Found PCL_TRACKING: /usr/lib/x86_64-linux-gnu/libpcl_tracking.so  
-- looking for PCL_RECOGNITION
-- Found PCL_RECOGNITION: /usr/lib/x86_64-linux-gnu/libpcl_recognition.so  
-- looking for PCL_STEREO
-- Found PCL_STEREO: /usr/lib/x86_64-linux-gnu/libpcl_stereo.so  
-- looking for PCL_APPS
-- Found PCL_APPS: /usr/lib/x86_64-linux-gnu/libpcl_apps.so  
-- looking for PCL_IN_HAND_SCANNER
-- Found PCL_IN_HAND_SCANNER: /usr/include/pcl-1.10  
-- looking for PCL_POINT_CLOUD_EDITOR
-- Found PCL_POINT_CLOUD_EDITOR: /usr/include/pcl-1.10  
-- looking for PCL_OUTOFCORE
-- Found PCL_OUTOFCORE: /usr/lib/x86_64-linux-gnu/libpcl_outofcore.so  
-- looking for PCL_PEOPLE
-- Found PCL_PEOPLE: /usr/lib/x86_64-linux-gnu/libpcl_people.so  
-- Found PCL: pcl_common;pcl_kdtree;pcl_octree;pcl_search;pcl_sample_consensus;pcl_filters;pcl_io;pcl_features;pcl_ml;pcl_segmentation;pcl_visualization;pcl_surface;pcl_registration;pcl_keypoints;pcl_tracking;pcl_recognition;pcl_stereo;pcl_apps;pcl_outofcore;pcl_people;/usr/lib/libboost_system.so;/usr/lib/libboost_filesystem.so;/usr/lib/libboost_date_time.so;/usr/lib/libboost_iostreams.so;/usr/lib/libboost_regex.so;optimized;/usr/lib/x86_64-linux-gnu/libqhull.so;debug;/usr/lib/x86_64-linux-gnu/libqhull.so;/usr/lib/libOpenNI.so;/usr/lib/libOpenNI2.so;vtkChartsCore;vtkCommonColor;vtkCommonCore;vtksys;vtkCommonDataModel;vtkCommonMath;vtkCommonMisc;vtkCommonSystem;vtkCommonTransforms;vtkCommonExecutionModel;vtkFiltersGeneral;vtkCommonComputationalGeometry;vtkFiltersCore;vtkInfovisCore;vtkFiltersExtraction;vtkFiltersStatistics;vtkImagingFourier;vtkImagingCore;vtkalglib;vtkRenderingContext2D;vtkRenderingCore;vtkFiltersGeometry;vtkFiltersSources;vtkRenderingFreeType;/usr/lib/x86_64-linux-gnu/libfreetype.so;/usr/lib/x86_64-linux-gnu/libz.so;vtkFiltersModeling;vtkImagingSources;vtkInteractionStyle;vtkInteractionWidgets;vtkFiltersHybrid;vtkImagingColor;vtkImagingGeneral;vtkImagingHybrid;vtkIOImage;vtkDICOMParser;vtkmetaio;/usr/lib/x86_64-linux-gnu/libjpeg.so;/usr/lib/x86_64-linux-gnu/libpng.so;/usr/lib/x86_64-linux-gnu/libtiff.so;vtkRenderingAnnotation;vtkRenderingVolume;vtkIOXML;vtkIOCore;vtkIOXMLParser;/usr/lib/x86_64-linux-gnu/libexpat.so;vtkIOGeometry;vtkIOLegacy;vtkIOPLY;vtkRenderingLOD;vtkViewsContext2D;vtkViewsCore;vtkRenderingContextOpenGL2;vtkRenderingOpenGL2;FLANN::FLANN (Required is at least version "1.10") 
-- Found sensor_msgs: 2.0.5 (/opt/ros/foxy/share/sensor_msgs/cmake)
-- Found nav_msgs: 2.0.5 (/opt/ros/foxy/share/nav_msgs/cmake)
-- Found visualization_msgs: 2.0.5 (/opt/ros/foxy/share/visualization_msgs/cmake)
-- Found std_srvs: 2.0.5 (/opt/ros/foxy/share/std_srvs/cmake)
-- Found OpenMP_C: -fopenmp (found version "4.5") 
-- Found OpenMP_CXX: -fopenmp (found version "4.5") 
-- Found OpenMP: TRUE (found version "4.5")  
-- Found pcl_conversions: 2.2.1 (/opt/ros/foxy/share/pcl_conversions/cmake)
-- Found octomap_msgs: 2.0.0 (/opt/ros/foxy/share/octomap_msgs/cmake)
-- Found tf2: 0.13.14 (/opt/ros/foxy/share/tf2/cmake)
-- Found tf2_ros: 0.13.14 (/opt/ros/foxy/share/tf2_ros/cmake)
-- Found tf2_geometry_msgs: 0.13.14 (/opt/ros/foxy/share/tf2_geometry_msgs/cmake)
-- Found eigen3_cmake_module: 0.1.1 (/opt/ros/foxy/share/eigen3_cmake_module/cmake)
-- Found Eigen3: TRUE (found version "3.3.7") 
-- Configuring done
-- Generating done
-- Build files have been written to: /home/athul/Hiwi/submodules/planeDetection/build/octomap_server2
[35m[1mScanning dependencies of target octomap_saver[0m
[35m[1mScanning dependencies of target octomap_server[0m
[35m[1mScanning dependencies of target octomap_server2[0m
[35m[1mScanning dependencies of target octomap_saver_node[0m
[ 10%] [32mBuilding CXX object CMakeFiles/octomap_saver_node.dir/rclcpp_components/node_main_octomap_saver_node.cpp.o[0m
[ 20%] [32mBuilding CXX object CMakeFiles/octomap_server.dir/rclcpp_components/node_main_octomap_server.cpp.o[0m
[ 30%] [32mBuilding CXX object CMakeFiles/octomap_saver.dir/src/octomap_saver.cpp.o[0m
[ 50%] [32mBuilding CXX object CMakeFiles/octomap_server2.dir/src/conversions.cpp.o[0m
[ 50%] [32mBuilding CXX object CMakeFiles/octomap_server2.dir/src/octomap_server.cpp.o[0m
[ 60%] [32mBuilding CXX object CMakeFiles/octomap_server2.dir/src/transforms.cpp.o[0m
[01m[K/home/athul/Hiwi/submodules/planeDetection/ros2/src/octomap_server2/src/conversions.cpp:[m[K In function ‘[01m[Kvoid octomap::pointsOctomapToPointCloud2(const point3d_list&, sensor_msgs::msg::PointCloud2&)[m[K’:
[01m[K/home/athul/Hiwi/submodules/planeDetection/ros2/src/octomap_server2/src/conversions.cpp:53:57:[m[K [01;35m[Kwarning: [m[Kunused parameter ‘[01m[Kpoints[m[K’ [[01;35m[K-Wunused-parameter[m[K]
   53 |     void pointsOctomapToPointCloud2([01;35m[Kconst point3d_list& points[m[K,
      |                                     [01;35m[K~~~~~~~~~~~~~~~~~~~~^~~~~~[m[K
[ 70%] [32m[1mLinking CXX executable octomap_saver_node[0m
[ 70%] Built target octomap_saver_node
[ 80%] [32m[1mLinking CXX executable octomap_server[0m
[ 80%] Built target octomap_server
[ 90%] [32m[1mLinking CXX shared library liboctomap_saver.so[0m
[ 90%] Built target octomap_saver
In file included from [01m[K/home/athul/Hiwi/submodules/planeDetection/ros2/src/octomap_server2/src/octomap_server.cpp:2[m[K:
[01m[K/home/athul/Hiwi/submodules/planeDetection/ros2/src/octomap_server2/include/octomap_server2/octomap_server.hpp:[m[K In member function ‘[01m[Kvirtual void octomap_server::OctomapServer::handleNode(const iterator&)[m[K’:
[01m[K/home/athul/Hiwi/submodules/planeDetection/ros2/src/octomap_server2/include/octomap_server2/octomap_server.hpp:210:58:[m[K [01;35m[Kwarning: [m[Kunused parameter ‘[01m[Kit[m[K’ [[01;35m[K-Wunused-parameter[m[K]
  210 |         virtual void handleNode([01;35m[Kconst OcTreeT::iterator& it[m[K) {};
      |                                 [01;35m[K~~~~~~~~~~~~~~~~~~~~~~~~~^~[m[K
[01m[K/home/athul/Hiwi/submodules/planeDetection/ros2/src/octomap_server2/include/octomap_server2/octomap_server.hpp:[m[K In member function ‘[01m[Kvirtual void octomap_server::OctomapServer::handleNodeInBBX(const iterator&)[m[K’:
[01m[K/home/athul/Hiwi/submodules/planeDetection/ros2/src/octomap_server2/include/octomap_server2/octomap_server.hpp:211:63:[m[K [01;35m[Kwarning: [m[Kunused parameter ‘[01m[Kit[m[K’ [[01;35m[K-Wunused-parameter[m[K]
  211 |         virtual void handleNodeInBBX([01;35m[Kconst OcTreeT::iterator& it[m[K) {};
      |                                      [01;35m[K~~~~~~~~~~~~~~~~~~~~~~~~~^~[m[K
[01m[K/home/athul/Hiwi/submodules/planeDetection/ros2/src/octomap_server2/include/octomap_server2/octomap_server.hpp:[m[K In constructor ‘[01m[Koctomap_server::OctomapServer::OctomapServer(const rclcpp::NodeOptions&, std::string)[m[K’:
[01m[K/home/athul/Hiwi/submodules/planeDetection/ros2/src/octomap_server2/include/octomap_server2/octomap_server.hpp:148:14:[m[K [01;35m[Kwarning: [m[K‘[01m[Koctomap_server::OctomapServer::m_useColoredMap[m[K’ will be initialized after [[01;35m[K-Wreorder[m[K]
  148 |         bool [01;35m[Km_useColoredMap[m[K;
      |              [01;35m[K^~~~~~~~~~~~~~~[m[K
[01m[K/home/athul/Hiwi/submodules/planeDetection/ros2/src/octomap_server2/include/octomap_server2/octomap_server.hpp:118:16:[m[K [01;35m[Kwarning: [m[K  ‘[01m[Kdouble octomap_server::OctomapServer::m_colorFactor[m[K’ [[01;35m[K-Wreorder[m[K]
  118 |         double [01;35m[Km_colorFactor[m[K;
      |                [01;35m[K^~~~~~~~~~~~~[m[K
[01m[K/home/athul/Hiwi/submodules/planeDetection/ros2/src/octomap_server2/src/octomap_server.cpp:5:5:[m[K [01;35m[Kwarning: [m[K  when initialized here [[01;35m[K-Wreorder[m[K]
    5 |     [01;35m[KOctomapServer[m[K::OctomapServer(
      |     [01;35m[K^~~~~~~~~~~~~[m[K
[01m[K/home/athul/Hiwi/submodules/planeDetection/ros2/src/octomap_server2/src/octomap_server.cpp:[m[K In member function ‘[01m[Kvirtual void octomap_server::OctomapServer::publishAll(const rclcpp::Time&)[m[K’:
[01m[K/home/athul/Hiwi/submodules/planeDetection/ros2/src/octomap_server2/src/octomap_server.cpp:595:28:[m[K [01;35m[Kwarning: [m[Kunused variable ‘[01m[Ksize[m[K’ [[01;35m[K-Wunused-variable[m[K]
  595 |                     double [01;35m[Ksize[m[K = it.getSize();
      |                            [01;35m[K^~~~[m[K
[01m[K/home/athul/Hiwi/submodules/planeDetection/ros2/src/octomap_server2/src/octomap_server.cpp:[m[K In member function ‘[01m[Kvirtual bool octomap_server::OctomapServer::octomapBinarySrv(std::shared_ptr<octomap_msgs::srv::GetOctomap_Request_<std::allocator<void> > >, std::shared_ptr<octomap_msgs::srv::GetOctomap_Response_<std::allocator<void> > >)[m[K’:
[01m[K/home/athul/Hiwi/submodules/planeDetection/ros2/src/octomap_server2/src/octomap_server.cpp:783:52:[m[K [01;35m[Kwarning: [m[Kunused parameter ‘[01m[Kreq[m[K’ [[01;35m[K-Wunused-parameter[m[K]
  783 |         [01;35m[Kconst std::shared_ptr<OctomapSrv::Request> req[m[K,
      |         [01;35m[K~~~~~~~~~~~~~~~~~~~~~~~~~~~~~~~~~~~~~~~~~~~^~~[m[K
[01m[K/home/athul/Hiwi/submodules/planeDetection/ros2/src/octomap_server2/src/octomap_server.cpp:[m[K In member function ‘[01m[Kvirtual bool octomap_server::OctomapServer::octomapFullSrv(std::shared_ptr<octomap_msgs::srv::GetOctomap_Request_<std::allocator<void> > >, std::shared_ptr<octomap_msgs::srv::GetOctomap_Response_<std::allocator<void> > >)[m[K’:
[01m[K/home/athul/Hiwi/submodules/planeDetection/ros2/src/octomap_server2/src/octomap_server.cpp:802:52:[m[K [01;35m[Kwarning: [m[Kunused parameter ‘[01m[Kreq[m[K’ [[01;35m[K-Wunused-parameter[m[K]
  802 |         [01;35m[Kconst std::shared_ptr<OctomapSrv::Request> req[m[K,
      |         [01;35m[K~~~~~~~~~~~~~~~~~~~~~~~~~~~~~~~~~~~~~~~~~~~^~~[m[K
[01m[K/home/athul/Hiwi/submodules/planeDetection/ros2/src/octomap_server2/src/octomap_server.cpp:[m[K In member function ‘[01m[Kbool octomap_server::OctomapServer::clearBBXSrv(std::shared_ptr<octomap_msgs::srv::BoundingBoxQuery_Request_<std::allocator<void> > >, std::shared_ptr<octomap_msgs::srv::BoundingBoxQuery_Response_<std::allocator<void> > >)[m[K’:
[01m[K/home/athul/Hiwi/submodules/planeDetection/ros2/src/octomap_server2/src/octomap_server.cpp:817:43:[m[K [01;35m[Kwarning: [m[Kunused parameter ‘[01m[Kresp[m[K’ [[01;35m[K-Wunused-parameter[m[K]
  817 |         [01;35m[Kstd::shared_ptr<BBXSrv::Response> resp[m[K) {
      |         [01;35m[K~~~~~~~~~~~~~~~~~~~~~~~~~~~~~~~~~~^~~~[m[K
[01m[K/home/athul/Hiwi/submodules/planeDetection/ros2/src/octomap_server2/src/octomap_server.cpp:[m[K In member function ‘[01m[Kbool octomap_server::OctomapServer::resetSrv(std::shared_ptr<std_srvs::srv::Empty_Request_<std::allocator<void> > >, std::shared_ptr<std_srvs::srv::Empty_Response_<std::allocator<void> > >)[m[K’:
[01m[K/home/athul/Hiwi/submodules/planeDetection/ros2/src/octomap_server2/src/octomap_server.cpp:855:28:[m[K [01;35m[Kwarning: [m[Kcomparison of integer expressions of different signedness: ‘[01m[Kint[m[K’ and ‘[01m[Kstd::vector<visualization_msgs::msg::Marker_<std::allocator<void> >, std::allocator<visualization_msgs::msg::Marker_<std::allocator<void> > > >::size_type[m[K’ {aka ‘[01m[Klong unsigned int[m[K’} [[01;35m[K-Wsign-compare[m[K]
  855 |         for (auto i = 0; [01;35m[Ki < occupiedNodesVis.markers.size()[m[K; ++i){
      |                          [01;35m[K~~^~~~~~~~~~~~~~~~~~~~~~~~~~~~~~~~~[m[K
[01m[K/home/athul/Hiwi/submodules/planeDetection/ros2/src/octomap_server2/src/octomap_server.cpp:871:28:[m[K [01;35m[Kwarning: [m[Kcomparison of integer expressions of different signedness: ‘[01m[Kint[m[K’ and ‘[01m[Kstd::vector<visualization_msgs::msg::Marker_<std::allocator<void> >, std::allocator<visualization_msgs::msg::Marker_<std::allocator<void> > > >::size_type[m[K’ {aka ‘[01m[Klong unsigned int[m[K’} [[01;35m[K-Wsign-compare[m[K]
  871 |         for (auto i = 0; [01;35m[Ki < freeNodesVis.markers.size()[m[K; ++i) {
      |                          [01;35m[K~~^~~~~~~~~~~~~~~~~~~~~~~~~~~~~[m[K
[01m[K/home/athul/Hiwi/submodules/planeDetection/ros2/src/octomap_server2/src/octomap_server.cpp:835:62:[m[K [01;35m[Kwarning: [m[Kunused parameter ‘[01m[Kreq[m[K’ [[01;35m[K-Wunused-parameter[m[K]
  835 |         [01;35m[Kconst std::shared_ptr<std_srvs::srv::Empty::Request> req[m[K,
      |         [01;35m[K~~~~~~~~~~~~~~~~~~~~~~~~~~~~~~~~~~~~~~~~~~~~~~~~~~~~~^~~[m[K
[01m[K/home/athul/Hiwi/submodules/planeDetection/ros2/src/octomap_server2/src/octomap_server.cpp:836:57:[m[K [01;35m[Kwarning: [m[Kunused parameter ‘[01m[Kresp[m[K’ [[01;35m[K-Wunused-parameter[m[K]
  836 |         [01;35m[Kstd::shared_ptr<std_srvs::srv::Empty::Response> resp[m[K) {
      |         [01;35m[K~~~~~~~~~~~~~~~~~~~~~~~~~~~~~~~~~~~~~~~~~~~~~~~~^~~~[m[K
[01m[K/home/athul/Hiwi/submodules/planeDetection/ros2/src/octomap_server2/src/octomap_server.cpp:[m[K In member function ‘[01m[Kvirtual void octomap_server::OctomapServer::handlePreNodeTraversal(const rclcpp::Time&)[m[K’:
[01m[K/home/athul/Hiwi/submodules/planeDetection/ros2/src/octomap_server2/src/octomap_server.cpp:1163:59:[m[K [01;35m[Kwarning: [m[Kcomparison of integer expressions of different signedness: ‘[01m[Kunsigned int[m[K’ and ‘[01m[Kint[m[K’ [[01;35m[K-Wsign-compare[m[K]
 1163 |                 for (unsigned int j = mapUpdateBBXMinY; [01;35m[Kj <= mapUpdateBBXMaxY[m[K; ++j) {
      |                                                         [01;35m[K~~^~~~~~~~~~~~~~~~~~~[m[K
[01m[K/home/athul/Hiwi/submodules/planeDetection/ros2/src/octomap_server2/src/octomap_server.cpp:[m[K In member function ‘[01m[Kvirtual void octomap_server::OctomapServer::handlePostNodeTraversal(const rclcpp::Time&)[m[K’:
[01m[K/home/athul/Hiwi/submodules/planeDetection/ros2/src/octomap_server2/src/octomap_server.cpp:1173:29:[m[K [01;35m[Kwarning: [m[Kunused parameter ‘[01m[Krostime[m[K’ [[01;35m[K-Wunused-parameter[m[K]
 1173 |         [01;35m[Kconst rclcpp::Time& rostime[m[K){
      |         [01;35m[K~~~~~~~~~~~~~~~~~~~~^~~~~~~[m[K
[100%] [32m[1mLinking CXX shared library liboctomap_server2.so[0m
[100%] Built target octomap_server2
-- Install configuration: ""
-- Installing: /home/athul/Hiwi/submodules/planeDetection/install/octomap_server2/lib/octomap_server2/octomap_server
-- Set runtime path of "/home/athul/Hiwi/submodules/planeDetection/install/octomap_server2/lib/octomap_server2/octomap_server" to ""
-- Installing: /home/athul/Hiwi/submodules/planeDetection/install/octomap_server2/lib/octomap_server2/octomap_saver_node
-- Set runtime path of "/home/athul/Hiwi/submodules/planeDetection/install/octomap_server2/lib/octomap_server2/octomap_saver_node" to ""
-- Installing: /home/athul/Hiwi/submodules/planeDetection/install/octomap_server2/lib/liboctomap_server2.so
-- Set runtime path of "/home/athul/Hiwi/submodules/planeDetection/install/octomap_server2/lib/liboctomap_server2.so" to ""
-- Installing: /home/athul/Hiwi/submodules/planeDetection/install/octomap_server2/lib/liboctomap_saver.so
-- Set runtime path of "/home/athul/Hiwi/submodules/planeDetection/install/octomap_server2/lib/liboctomap_saver.so" to ""
-- Installing: /home/athul/Hiwi/submodules/planeDetection/install/octomap_server2/share/octomap_server2//launch
-- Installing: /home/athul/Hiwi/submodules/planeDetection/install/octomap_server2/share/octomap_server2//launch/octomap_server_launch.py
-- Installing: /home/athul/Hiwi/submodules/planeDetection/install/octomap_server2/share/octomap_server2//launch/octomap_saver_launch.py
-- Installing: /home/athul/Hiwi/submodules/planeDetection/install/octomap_server2/share/ament_index/resource_index/package_run_dependencies/octomap_server2
-- Installing: /home/athul/Hiwi/submodules/planeDetection/install/octomap_server2/share/ament_index/resource_index/parent_prefix_path/octomap_server2
-- Installing: /home/athul/Hiwi/submodules/planeDetection/install/octomap_server2/share/octomap_server2/environment/ament_prefix_path.sh
-- Installing: /home/athul/Hiwi/submodules/planeDetection/install/octomap_server2/share/octomap_server2/environment/ament_prefix_path.dsv
-- Installing: /home/athul/Hiwi/submodules/planeDetection/install/octomap_server2/share/octomap_server2/environment/path.sh
-- Installing: /home/athul/Hiwi/submodules/planeDetection/install/octomap_server2/share/octomap_server2/environment/path.dsv
-- Installing: /home/athul/Hiwi/submodules/planeDetection/install/octomap_server2/share/octomap_server2/local_setup.bash
-- Installing: /home/athul/Hiwi/submodules/planeDetection/install/octomap_server2/share/octomap_server2/local_setup.sh
-- Installing: /home/athul/Hiwi/submodules/planeDetection/install/octomap_server2/share/octomap_server2/local_setup.zsh
-- Installing: /home/athul/Hiwi/submodules/planeDetection/install/octomap_server2/share/octomap_server2/local_setup.dsv
-- Installing: /home/athul/Hiwi/submodules/planeDetection/install/octomap_server2/share/octomap_server2/package.dsv
-- Installing: /home/athul/Hiwi/submodules/planeDetection/install/octomap_server2/share/ament_index/resource_index/packages/octomap_server2
-- Installing: /home/athul/Hiwi/submodules/planeDetection/install/octomap_server2/share/ament_index/resource_index/rclcpp_components/octomap_server2
-- Installing: /home/athul/Hiwi/submodules/planeDetection/install/octomap_server2/share/octomap_server2/cmake/octomap_server2Config.cmake
-- Installing: /home/athul/Hiwi/submodules/planeDetection/install/octomap_server2/share/octomap_server2/cmake/octomap_server2Config-version.cmake
-- Installing: /home/athul/Hiwi/submodules/planeDetection/install/octomap_server2/share/octomap_server2/package.xml
