[0.349s] DEBUG:colcon:Command line arguments: ['/usr/bin/colcon', 'build']
[0.349s] DEBUG:colcon:Parsed command line arguments: Namespace(allow_overriding=[], ament_cmake_args=None, base_paths=['.'], build_base='build', catkin_cmake_args=None, catkin_skip_building_tests=False, cmake_args=None, cmake_clean_cache=False, cmake_clean_first=False, cmake_force_configure=False, cmake_target=None, cmake_target_skip_unavailable=False, continue_on_error=False, event_handlers=None, executor='parallel', ignore_user_meta=False, install_base='install', log_base=None, log_level=None, main=<bound method BuildVerb.main of <colcon_core.verb.build.BuildVerb object at 0x7fe6d5cb4400>>, merge_install=False, metas=['./colcon.meta'], packages_above=None, packages_above_and_dependencies=None, packages_above_depth=None, packages_end=None, packages_ignore=None, packages_ignore_regex=None, packages_select=None, packages_select_build_failed=False, packages_select_by_dep=None, packages_select_regex=None, packages_select_test_failures=False, packages_skip=None, packages_skip_build_finished=False, packages_skip_by_dep=None, packages_skip_regex=None, packages_skip_test_passed=False, packages_skip_up_to=None, packages_start=None, packages_up_to=None, packages_up_to_regex=None, parallel_workers=16, paths=None, symlink_install=False, test_result_base=None, verb_extension=<colcon_core.verb.build.BuildVerb object at 0x7fe6d5cb4400>, verb_name='build', verb_parser=<colcon_defaults.argument_parser.defaults.DefaultArgumentsDecorator object at 0x7fe6d5cb4910>)
[0.493s] Level 1:colcon.colcon_core.package_discovery:discover_packages(colcon_meta) check parameters
[0.493s] Level 1:colcon.colcon_core.package_discovery:discover_packages(recursive) check parameters
[0.493s] Level 1:colcon.colcon_core.package_discovery:discover_packages(ignore) check parameters
[0.493s] Level 1:colcon.colcon_core.package_discovery:discover_packages(path) check parameters
[0.493s] Level 1:colcon.colcon_core.package_discovery:discover_packages(colcon_meta) discover
[0.493s] Level 1:colcon.colcon_core.package_discovery:discover_packages(recursive) discover
[0.493s] INFO:colcon.colcon_core.package_discovery:Crawling recursively for packages in '/home/athul/Hiwi/submodules/planeDetection'
[0.493s] Level 1:colcon.colcon_core.package_identification:_identify(.) by extensions ['ignore', 'ignore_ament_install']
[0.493s] Level 1:colcon.colcon_core.package_identification:_identify(.) by extension 'ignore'
[0.493s] Level 1:colcon.colcon_core.package_identification:_identify(.) by extension 'ignore_ament_install'
[0.493s] Level 1:colcon.colcon_core.package_identification:_identify(.) by extensions ['colcon_pkg']
[0.493s] Level 1:colcon.colcon_core.package_identification:_identify(.) by extension 'colcon_pkg'
[0.493s] Level 1:colcon.colcon_core.package_identification:_identify(.) by extensions ['colcon_meta']
[0.493s] Level 1:colcon.colcon_core.package_identification:_identify(.) by extension 'colcon_meta'
[0.493s] Level 1:colcon.colcon_core.package_identification:_identify(.) by extensions ['ros']
[0.493s] Level 1:colcon.colcon_core.package_identification:_identify(.) by extension 'ros'
[0.503s] Level 1:colcon.colcon_core.package_identification:_identify(.) by extensions ['cmake', 'python']
[0.503s] Level 1:colcon.colcon_core.package_identification:_identify(.) by extension 'cmake'
[0.503s] Level 1:colcon.colcon_core.package_identification:_identify(.) by extension 'python'
[0.503s] Level 1:colcon.colcon_core.package_identification:_identify(.) by extensions ['python_setup_py']
[0.503s] Level 1:colcon.colcon_core.package_identification:_identify(.) by extension 'python_setup_py'
[0.503s] Level 1:colcon.colcon_core.package_identification:_identify(AirSim_config) by extensions ['ignore', 'ignore_ament_install']
[0.503s] Level 1:colcon.colcon_core.package_identification:_identify(AirSim_config) by extension 'ignore'
[0.503s] Level 1:colcon.colcon_core.package_identification:_identify(AirSim_config) by extension 'ignore_ament_install'
[0.503s] Level 1:colcon.colcon_core.package_identification:_identify(AirSim_config) by extensions ['colcon_pkg']
[0.503s] Level 1:colcon.colcon_core.package_identification:_identify(AirSim_config) by extension 'colcon_pkg'
[0.503s] Level 1:colcon.colcon_core.package_identification:_identify(AirSim_config) by extensions ['colcon_meta']
[0.503s] Level 1:colcon.colcon_core.package_identification:_identify(AirSim_config) by extension 'colcon_meta'
[0.503s] Level 1:colcon.colcon_core.package_identification:_identify(AirSim_config) by extensions ['ros']
[0.503s] Level 1:colcon.colcon_core.package_identification:_identify(AirSim_config) by extension 'ros'
[0.503s] Level 1:colcon.colcon_core.package_identification:_identify(AirSim_config) by extensions ['cmake', 'python']
[0.503s] Level 1:colcon.colcon_core.package_identification:_identify(AirSim_config) by extension 'cmake'
[0.503s] Level 1:colcon.colcon_core.package_identification:_identify(AirSim_config) by extension 'python'
[0.503s] Level 1:colcon.colcon_core.package_identification:_identify(AirSim_config) by extensions ['python_setup_py']
[0.504s] Level 1:colcon.colcon_core.package_identification:_identify(AirSim_config) by extension 'python_setup_py'
[0.504s] Level 1:colcon.colcon_core.package_identification:_identify(build) by extensions ['ignore', 'ignore_ament_install']
[0.504s] Level 1:colcon.colcon_core.package_identification:_identify(build) by extension 'ignore'
[0.504s] Level 1:colcon.colcon_core.package_identification:_identify(build) ignored
[0.504s] Level 1:colcon.colcon_core.package_identification:_identify(geometric_feature_detection) by extensions ['ignore', 'ignore_ament_install']
[0.504s] Level 1:colcon.colcon_core.package_identification:_identify(geometric_feature_detection) by extension 'ignore'
[0.504s] Level 1:colcon.colcon_core.package_identification:_identify(geometric_feature_detection) by extension 'ignore_ament_install'
[0.504s] Level 1:colcon.colcon_core.package_identification:_identify(geometric_feature_detection) by extensions ['colcon_pkg']
[0.504s] Level 1:colcon.colcon_core.package_identification:_identify(geometric_feature_detection) by extension 'colcon_pkg'
[0.504s] Level 1:colcon.colcon_core.package_identification:_identify(geometric_feature_detection) by extensions ['colcon_meta']
[0.504s] Level 1:colcon.colcon_core.package_identification:_identify(geometric_feature_detection) by extension 'colcon_meta'
[0.504s] Level 1:colcon.colcon_core.package_identification:_identify(geometric_feature_detection) by extensions ['ros']
[0.504s] Level 1:colcon.colcon_core.package_identification:_identify(geometric_feature_detection) by extension 'ros'
[0.504s] Level 1:colcon.colcon_core.package_identification:_identify(geometric_feature_detection) by extensions ['cmake', 'python']
[0.504s] Level 1:colcon.colcon_core.package_identification:_identify(geometric_feature_detection) by extension 'cmake'
[0.504s] Level 1:colcon.colcon_core.package_identification:_identify(geometric_feature_detection) by extension 'python'
[0.504s] Level 1:colcon.colcon_core.package_identification:_identify(geometric_feature_detection) by extensions ['python_setup_py']
[0.504s] Level 1:colcon.colcon_core.package_identification:_identify(geometric_feature_detection) by extension 'python_setup_py'
[0.504s] Level 1:colcon.colcon_core.package_identification:_identify(geometric_feature_detection/flatness) by extensions ['ignore', 'ignore_ament_install']
[0.504s] Level 1:colcon.colcon_core.package_identification:_identify(geometric_feature_detection/flatness) by extension 'ignore'
[0.504s] Level 1:colcon.colcon_core.package_identification:_identify(geometric_feature_detection/flatness) by extension 'ignore_ament_install'
[0.504s] Level 1:colcon.colcon_core.package_identification:_identify(geometric_feature_detection/flatness) by extensions ['colcon_pkg']
[0.504s] Level 1:colcon.colcon_core.package_identification:_identify(geometric_feature_detection/flatness) by extension 'colcon_pkg'
[0.504s] Level 1:colcon.colcon_core.package_identification:_identify(geometric_feature_detection/flatness) by extensions ['colcon_meta']
[0.504s] Level 1:colcon.colcon_core.package_identification:_identify(geometric_feature_detection/flatness) by extension 'colcon_meta'
[0.505s] Level 1:colcon.colcon_core.package_identification:_identify(geometric_feature_detection/flatness) by extensions ['ros']
[0.505s] Level 1:colcon.colcon_core.package_identification:_identify(geometric_feature_detection/flatness) by extension 'ros'
[0.505s] Level 1:colcon.colcon_core.package_identification:_identify(geometric_feature_detection/flatness) by extensions ['cmake', 'python']
[0.505s] Level 1:colcon.colcon_core.package_identification:_identify(geometric_feature_detection/flatness) by extension 'cmake'
[0.505s] Level 1:colcon.colcon_core.package_identification:_identify(geometric_feature_detection/flatness) by extension 'python'
[0.505s] Level 1:colcon.colcon_core.package_identification:_identify(geometric_feature_detection/flatness) by extensions ['python_setup_py']
[0.505s] Level 1:colcon.colcon_core.package_identification:_identify(geometric_feature_detection/flatness) by extension 'python_setup_py'
[0.505s] Level 1:colcon.colcon_core.package_identification:_identify(install) by extensions ['ignore', 'ignore_ament_install']
[0.505s] Level 1:colcon.colcon_core.package_identification:_identify(install) by extension 'ignore'
[0.505s] Level 1:colcon.colcon_core.package_identification:_identify(install) ignored
[0.505s] Level 1:colcon.colcon_core.package_identification:_identify(log) by extensions ['ignore', 'ignore_ament_install']
[0.505s] Level 1:colcon.colcon_core.package_identification:_identify(log) by extension 'ignore'
[0.505s] Level 1:colcon.colcon_core.package_identification:_identify(log) ignored
[0.505s] Level 1:colcon.colcon_core.package_identification:_identify(ros2) by extensions ['ignore', 'ignore_ament_install']
[0.505s] Level 1:colcon.colcon_core.package_identification:_identify(ros2) by extension 'ignore'
[0.505s] Level 1:colcon.colcon_core.package_identification:_identify(ros2) by extension 'ignore_ament_install'
[0.505s] Level 1:colcon.colcon_core.package_identification:_identify(ros2) by extensions ['colcon_pkg']
[0.505s] Level 1:colcon.colcon_core.package_identification:_identify(ros2) by extension 'colcon_pkg'
[0.505s] Level 1:colcon.colcon_core.package_identification:_identify(ros2) by extensions ['colcon_meta']
[0.505s] Level 1:colcon.colcon_core.package_identification:_identify(ros2) by extension 'colcon_meta'
[0.505s] Level 1:colcon.colcon_core.package_identification:_identify(ros2) by extensions ['ros']
[0.505s] Level 1:colcon.colcon_core.package_identification:_identify(ros2) by extension 'ros'
[0.505s] Level 1:colcon.colcon_core.package_identification:_identify(ros2) by extensions ['cmake', 'python']
[0.505s] Level 1:colcon.colcon_core.package_identification:_identify(ros2) by extension 'cmake'
[0.505s] Level 1:colcon.colcon_core.package_identification:_identify(ros2) by extension 'python'
[0.505s] Level 1:colcon.colcon_core.package_identification:_identify(ros2) by extensions ['python_setup_py']
[0.506s] Level 1:colcon.colcon_core.package_identification:_identify(ros2) by extension 'python_setup_py'
[0.506s] Level 1:colcon.colcon_core.package_identification:_identify(ros2/src) by extensions ['ignore', 'ignore_ament_install']
[0.506s] Level 1:colcon.colcon_core.package_identification:_identify(ros2/src) by extension 'ignore'
[0.506s] Level 1:colcon.colcon_core.package_identification:_identify(ros2/src) by extension 'ignore_ament_install'
[0.506s] Level 1:colcon.colcon_core.package_identification:_identify(ros2/src) by extensions ['colcon_pkg']
[0.506s] Level 1:colcon.colcon_core.package_identification:_identify(ros2/src) by extension 'colcon_pkg'
[0.506s] Level 1:colcon.colcon_core.package_identification:_identify(ros2/src) by extensions ['colcon_meta']
[0.506s] Level 1:colcon.colcon_core.package_identification:_identify(ros2/src) by extension 'colcon_meta'
[0.506s] Level 1:colcon.colcon_core.package_identification:_identify(ros2/src) by extensions ['ros']
[0.506s] Level 1:colcon.colcon_core.package_identification:_identify(ros2/src) by extension 'ros'
[0.506s] Level 1:colcon.colcon_core.package_identification:_identify(ros2/src) by extensions ['cmake', 'python']
[0.506s] Level 1:colcon.colcon_core.package_identification:_identify(ros2/src) by extension 'cmake'
[0.506s] Level 1:colcon.colcon_core.package_identification:_identify(ros2/src) by extension 'python'
[0.506s] Level 1:colcon.colcon_core.package_identification:_identify(ros2/src) by extensions ['python_setup_py']
[0.506s] Level 1:colcon.colcon_core.package_identification:_identify(ros2/src) by extension 'python_setup_py'
[0.506s] Level 1:colcon.colcon_core.package_identification:_identify(ros2/src/build) by extensions ['ignore', 'ignore_ament_install']
[0.506s] Level 1:colcon.colcon_core.package_identification:_identify(ros2/src/build) by extension 'ignore'
[0.506s] Level 1:colcon.colcon_core.package_identification:_identify(ros2/src/build) ignored
[0.506s] Level 1:colcon.colcon_core.package_identification:_identify(ros2/src/cpp) by extensions ['ignore', 'ignore_ament_install']
[0.506s] Level 1:colcon.colcon_core.package_identification:_identify(ros2/src/cpp) by extension 'ignore'
[0.506s] Level 1:colcon.colcon_core.package_identification:_identify(ros2/src/cpp) by extension 'ignore_ament_install'
[0.506s] Level 1:colcon.colcon_core.package_identification:_identify(ros2/src/cpp) by extensions ['colcon_pkg']
[0.506s] Level 1:colcon.colcon_core.package_identification:_identify(ros2/src/cpp) by extension 'colcon_pkg'
[0.506s] Level 1:colcon.colcon_core.package_identification:_identify(ros2/src/cpp) by extensions ['colcon_meta']
[0.506s] Level 1:colcon.colcon_core.package_identification:_identify(ros2/src/cpp) by extension 'colcon_meta'
[0.507s] Level 1:colcon.colcon_core.package_identification:_identify(ros2/src/cpp) by extensions ['ros']
[0.507s] Level 1:colcon.colcon_core.package_identification:_identify(ros2/src/cpp) by extension 'ros'
[0.507s] Level 1:colcon.colcon_core.package_identification:_identify(ros2/src/cpp) by extensions ['cmake', 'python']
[0.507s] Level 1:colcon.colcon_core.package_identification:_identify(ros2/src/cpp) by extension 'cmake'
[0.507s] Level 1:colcon.colcon_core.package_identification:_identify(ros2/src/cpp) by extension 'python'
[0.508s] DEBUG:colcon.colcon_core.package_identification:Package 'ros2/src/cpp' with type 'cmake' and name 'cpp'
[0.508s] Level 1:colcon.colcon_core.package_identification:_identify(ros2/src/install) by extensions ['ignore', 'ignore_ament_install']
[0.508s] Level 1:colcon.colcon_core.package_identification:_identify(ros2/src/install) by extension 'ignore'
[0.508s] Level 1:colcon.colcon_core.package_identification:_identify(ros2/src/install) ignored
[0.508s] Level 1:colcon.colcon_core.package_identification:_identify(ros2/src/log) by extensions ['ignore', 'ignore_ament_install']
[0.508s] Level 1:colcon.colcon_core.package_identification:_identify(ros2/src/log) by extension 'ignore'
[0.508s] Level 1:colcon.colcon_core.package_identification:_identify(ros2/src/log) ignored
[0.508s] Level 1:colcon.colcon_core.package_identification:_identify(ros2/src/my_octomap_converter) by extensions ['ignore', 'ignore_ament_install']
[0.508s] Level 1:colcon.colcon_core.package_identification:_identify(ros2/src/my_octomap_converter) by extension 'ignore'
[0.508s] Level 1:colcon.colcon_core.package_identification:_identify(ros2/src/my_octomap_converter) by extension 'ignore_ament_install'
[0.508s] Level 1:colcon.colcon_core.package_identification:_identify(ros2/src/my_octomap_converter) by extensions ['colcon_pkg']
[0.508s] Level 1:colcon.colcon_core.package_identification:_identify(ros2/src/my_octomap_converter) by extension 'colcon_pkg'
[0.508s] Level 1:colcon.colcon_core.package_identification:_identify(ros2/src/my_octomap_converter) by extensions ['colcon_meta']
[0.508s] Level 1:colcon.colcon_core.package_identification:_identify(ros2/src/my_octomap_converter) by extension 'colcon_meta'
[0.508s] Level 1:colcon.colcon_core.package_identification:_identify(ros2/src/my_octomap_converter) by extensions ['ros']
[0.508s] Level 1:colcon.colcon_core.package_identification:_identify(ros2/src/my_octomap_converter) by extension 'ros'
[0.508s] Level 1:colcon.colcon_core.package_identification:_identify(ros2/src/my_octomap_converter) by extensions ['cmake', 'python']
[0.508s] Level 1:colcon.colcon_core.package_identification:_identify(ros2/src/my_octomap_converter) by extension 'cmake'
[0.509s] Level 1:colcon.colcon_core.package_identification:_identify(ros2/src/my_octomap_converter) by extension 'python'
[0.509s] Level 1:colcon.colcon_core.package_identification:_identify(ros2/src/my_octomap_converter) by extensions ['python_setup_py']
[0.509s] Level 1:colcon.colcon_core.package_identification:_identify(ros2/src/my_octomap_converter) by extension 'python_setup_py'
[0.509s] Level 1:colcon.colcon_core.package_identification:_identify(ros2/src/my_octomap_converter/my_octomap_converter) by extensions ['ignore', 'ignore_ament_install']
[0.509s] Level 1:colcon.colcon_core.package_identification:_identify(ros2/src/my_octomap_converter/my_octomap_converter) by extension 'ignore'
[0.509s] Level 1:colcon.colcon_core.package_identification:_identify(ros2/src/my_octomap_converter/my_octomap_converter) by extension 'ignore_ament_install'
[0.509s] Level 1:colcon.colcon_core.package_identification:_identify(ros2/src/my_octomap_converter/my_octomap_converter) by extensions ['colcon_pkg']
[0.509s] Level 1:colcon.colcon_core.package_identification:_identify(ros2/src/my_octomap_converter/my_octomap_converter) by extension 'colcon_pkg'
[0.509s] Level 1:colcon.colcon_core.package_identification:_identify(ros2/src/my_octomap_converter/my_octomap_converter) by extensions ['colcon_meta']
[0.509s] Level 1:colcon.colcon_core.package_identification:_identify(ros2/src/my_octomap_converter/my_octomap_converter) by extension 'colcon_meta'
[0.509s] Level 1:colcon.colcon_core.package_identification:_identify(ros2/src/my_octomap_converter/my_octomap_converter) by extensions ['ros']
[0.509s] Level 1:colcon.colcon_core.package_identification:_identify(ros2/src/my_octomap_converter/my_octomap_converter) by extension 'ros'
[0.511s] DEBUG:colcon.colcon_core.package_identification:Package 'ros2/src/my_octomap_converter/my_octomap_converter' with type 'ros.ament_cmake' and name 'my_octomap_converter'
[0.511s] Level 1:colcon.colcon_core.package_identification:_identify(ros2/src/octomap_server2) by extensions ['ignore', 'ignore_ament_install']
[0.511s] Level 1:colcon.colcon_core.package_identification:_identify(ros2/src/octomap_server2) by extension 'ignore'
[0.511s] Level 1:colcon.colcon_core.package_identification:_identify(ros2/src/octomap_server2) by extension 'ignore_ament_install'
[0.511s] Level 1:colcon.colcon_core.package_identification:_identify(ros2/src/octomap_server2) by extensions ['colcon_pkg']
[0.511s] Level 1:colcon.colcon_core.package_identification:_identify(ros2/src/octomap_server2) by extension 'colcon_pkg'
[0.511s] Level 1:colcon.colcon_core.package_identification:_identify(ros2/src/octomap_server2) by extensions ['colcon_meta']
[0.511s] Level 1:colcon.colcon_core.package_identification:_identify(ros2/src/octomap_server2) by extension 'colcon_meta'
[0.511s] Level 1:colcon.colcon_core.package_identification:_identify(ros2/src/octomap_server2) by extensions ['ros']
[0.511s] Level 1:colcon.colcon_core.package_identification:_identify(ros2/src/octomap_server2) by extension 'ros'
[0.512s] DEBUG:colcon.colcon_core.package_identification:Package 'ros2/src/octomap_server2' with type 'ros.ament_cmake' and name 'octomap_server2'
[0.512s] Level 1:colcon.colcon_core.package_identification:_identify(ros2/src/pointcloud_plane_detection) by extensions ['ignore', 'ignore_ament_install']
[0.512s] Level 1:colcon.colcon_core.package_identification:_identify(ros2/src/pointcloud_plane_detection) by extension 'ignore'
[0.512s] Level 1:colcon.colcon_core.package_identification:_identify(ros2/src/pointcloud_plane_detection) by extension 'ignore_ament_install'
[0.512s] Level 1:colcon.colcon_core.package_identification:_identify(ros2/src/pointcloud_plane_detection) by extensions ['colcon_pkg']
[0.512s] Level 1:colcon.colcon_core.package_identification:_identify(ros2/src/pointcloud_plane_detection) by extension 'colcon_pkg'
[0.512s] Level 1:colcon.colcon_core.package_identification:_identify(ros2/src/pointcloud_plane_detection) by extensions ['colcon_meta']
[0.512s] Level 1:colcon.colcon_core.package_identification:_identify(ros2/src/pointcloud_plane_detection) by extension 'colcon_meta'
[0.512s] Level 1:colcon.colcon_core.package_identification:_identify(ros2/src/pointcloud_plane_detection) by extensions ['ros']
[0.512s] Level 1:colcon.colcon_core.package_identification:_identify(ros2/src/pointcloud_plane_detection) by extension 'ros'
[0.513s] DEBUG:colcon.colcon_core.package_identification:Package 'ros2/src/pointcloud_plane_detection' with type 'ros.ament_python' and name 'pointcloud_plane_detection'
[0.513s] Level 1:colcon.colcon_core.package_identification:_identify(ros2/src/pointcloud_publisher) by extensions ['ignore', 'ignore_ament_install']
[0.513s] Level 1:colcon.colcon_core.package_identification:_identify(ros2/src/pointcloud_publisher) by extension 'ignore'
[0.513s] Level 1:colcon.colcon_core.package_identification:_identify(ros2/src/pointcloud_publisher) by extension 'ignore_ament_install'
[0.513s] Level 1:colcon.colcon_core.package_identification:_identify(ros2/src/pointcloud_publisher) by extensions ['colcon_pkg']
[0.513s] Level 1:colcon.colcon_core.package_identification:_identify(ros2/src/pointcloud_publisher) by extension 'colcon_pkg'
[0.513s] Level 1:colcon.colcon_core.package_identification:_identify(ros2/src/pointcloud_publisher) by extensions ['colcon_meta']
[0.513s] Level 1:colcon.colcon_core.package_identification:_identify(ros2/src/pointcloud_publisher) by extension 'colcon_meta'
[0.513s] Level 1:colcon.colcon_core.package_identification:_identify(ros2/src/pointcloud_publisher) by extensions ['ros']
[0.513s] Level 1:colcon.colcon_core.package_identification:_identify(ros2/src/pointcloud_publisher) by extension 'ros'
[0.514s] DEBUG:colcon.colcon_core.package_identification:Package 'ros2/src/pointcloud_publisher' with type 'ros.ament_python' and name 'pointcloud_publisher'
[0.514s] Level 1:colcon.colcon_core.package_identification:_identify(ros2/src/py) by extensions ['ignore', 'ignore_ament_install']
[0.514s] Level 1:colcon.colcon_core.package_identification:_identify(ros2/src/py) by extension 'ignore'
[0.514s] Level 1:colcon.colcon_core.package_identification:_identify(ros2/src/py) by extension 'ignore_ament_install'
[0.514s] Level 1:colcon.colcon_core.package_identification:_identify(ros2/src/py) by extensions ['colcon_pkg']
[0.514s] Level 1:colcon.colcon_core.package_identification:_identify(ros2/src/py) by extension 'colcon_pkg'
[0.514s] Level 1:colcon.colcon_core.package_identification:_identify(ros2/src/py) by extensions ['colcon_meta']
[0.514s] Level 1:colcon.colcon_core.package_identification:_identify(ros2/src/py) by extension 'colcon_meta'
[0.514s] Level 1:colcon.colcon_core.package_identification:_identify(ros2/src/py) by extensions ['ros']
[0.514s] Level 1:colcon.colcon_core.package_identification:_identify(ros2/src/py) by extension 'ros'
[0.514s] Level 1:colcon.colcon_core.package_identification:_identify(ros2/src/py) by extensions ['cmake', 'python']
[0.514s] Level 1:colcon.colcon_core.package_identification:_identify(ros2/src/py) by extension 'cmake'
[0.514s] Level 1:colcon.colcon_core.package_identification:_identify(ros2/src/py) by extension 'python'
[0.514s] Level 1:colcon.colcon_core.package_identification:_identify(ros2/src/py) by extensions ['python_setup_py']
[0.514s] Level 1:colcon.colcon_core.package_identification:_identify(ros2/src/py) by extension 'python_setup_py'
[0.760s] ERROR:colcon.colcon_core.package_identification:Exception in package identification extension 'python_setup_py' in 'ros2/src/py': Command '['/usr/bin/python3', '-c', 'import sys;from contextlib import suppress;exec("with suppress(ImportError):    from setuptools.extern.packaging.specifiers    import SpecifierSet");exec("with suppress(ImportError):    from packaging.specifiers import SpecifierSet");from distutils.core import run_setup;dist = run_setup(    \'setup.py\', script_args=(\'--dry-run\',), stop_after=\'config\');skip_keys = (\'cmdclass\', \'distclass\', \'ext_modules\', \'metadata\');data = {    key: value for key, value in dist.__dict__.items()     if (        not key.startswith(\'_\') and         not callable(value) and         key not in skip_keys and         key not in dist.display_option_names    )};data[\'metadata\'] = {    k: v for k, v in dist.metadata.__dict__.items()     if k not in (\'license_files\', \'provides_extras\')};sys.stdout.buffer.write(repr(data).encode(\'utf-8\'))']' returned non-zero exit status 1.
Traceback (most recent call last):
  File "/usr/lib/python3/dist-packages/colcon_core/package_identification/__init__.py", line 144, in _identify
    retval = extension.identify(_reused_descriptor_instance)
  File "/usr/lib/python3/dist-packages/colcon_python_setup_py/package_identification/python_setup_py.py", line 48, in identify
    config = get_setup_information(setup_py)
  File "/usr/lib/python3/dist-packages/colcon_python_setup_py/package_identification/python_setup_py.py", line 241, in get_setup_information
    _setup_information_cache[hashable_env] = _get_setup_information(
  File "/usr/lib/python3/dist-packages/colcon_python_setup_py/package_identification/python_setup_py.py", line 288, in _get_setup_information
    result = subprocess.run(
  File "/usr/lib/python3.8/subprocess.py", line 516, in run
    raise CalledProcessError(retcode, process.args,
subprocess.CalledProcessError: Command '['/usr/bin/python3', '-c', 'import sys;from contextlib import suppress;exec("with suppress(ImportError):    from setuptools.extern.packaging.specifiers    import SpecifierSet");exec("with suppress(ImportError):    from packaging.specifiers import SpecifierSet");from distutils.core import run_setup;dist = run_setup(    \'setup.py\', script_args=(\'--dry-run\',), stop_after=\'config\');skip_keys = (\'cmdclass\', \'distclass\', \'ext_modules\', \'metadata\');data = {    key: value for key, value in dist.__dict__.items()     if (        not key.startswith(\'_\') and         not callable(value) and         key not in skip_keys and         key not in dist.display_option_names    )};data[\'metadata\'] = {    k: v for k, v in dist.metadata.__dict__.items()     if k not in (\'license_files\', \'provides_extras\')};sys.stdout.buffer.write(repr(data).encode(\'utf-8\'))']' returned non-zero exit status 1.

[0.760s] Level 1:colcon.colcon_core.package_identification:_identify(rviz_config) by extensions ['ignore', 'ignore_ament_install']
[0.761s] Level 1:colcon.colcon_core.package_identification:_identify(rviz_config) by extension 'ignore'
[0.761s] Level 1:colcon.colcon_core.package_identification:_identify(rviz_config) by extension 'ignore_ament_install'
[0.761s] Level 1:colcon.colcon_core.package_identification:_identify(rviz_config) by extensions ['colcon_pkg']
[0.761s] Level 1:colcon.colcon_core.package_identification:_identify(rviz_config) by extension 'colcon_pkg'
[0.761s] Level 1:colcon.colcon_core.package_identification:_identify(rviz_config) by extensions ['colcon_meta']
[0.761s] Level 1:colcon.colcon_core.package_identification:_identify(rviz_config) by extension 'colcon_meta'
[0.761s] Level 1:colcon.colcon_core.package_identification:_identify(rviz_config) by extensions ['ros']
[0.761s] Level 1:colcon.colcon_core.package_identification:_identify(rviz_config) by extension 'ros'
[0.762s] Level 1:colcon.colcon_core.package_identification:_identify(rviz_config) by extensions ['cmake', 'python']
[0.762s] Level 1:colcon.colcon_core.package_identification:_identify(rviz_config) by extension 'cmake'
[0.762s] Level 1:colcon.colcon_core.package_identification:_identify(rviz_config) by extension 'python'
[0.762s] Level 1:colcon.colcon_core.package_identification:_identify(rviz_config) by extensions ['python_setup_py']
[0.762s] Level 1:colcon.colcon_core.package_identification:_identify(rviz_config) by extension 'python_setup_py'
[0.762s] Level 1:colcon.colcon_core.package_discovery:discover_packages(recursive) using defaults
[0.762s] Level 1:colcon.colcon_core.package_discovery:discover_packages(ignore) discover
[0.762s] Level 1:colcon.colcon_core.package_discovery:discover_packages(ignore) using defaults
[0.762s] Level 1:colcon.colcon_core.package_discovery:discover_packages(path) discover
[0.762s] Level 1:colcon.colcon_core.package_discovery:discover_packages(path) using defaults
[0.784s] Level 1:colcon.colcon_core.package_discovery:discover_packages(prefix_path) check parameters
[0.784s] Level 1:colcon.colcon_core.package_discovery:discover_packages(prefix_path) discover
[0.787s] DEBUG:colcon.colcon_installed_package_information.package_discovery:Found 408 installed packages in /opt/ros/foxy
[0.799s] Level 1:colcon.colcon_core.package_discovery:discover_packages(prefix_path) using defaults
[0.874s] Level 5:colcon.colcon_core.verb:set package 'cpp' build argument 'cmake_args' from command line to 'None'
[0.875s] Level 5:colcon.colcon_core.verb:set package 'cpp' build argument 'cmake_target' from command line to 'None'
[0.875s] Level 5:colcon.colcon_core.verb:set package 'cpp' build argument 'cmake_target_skip_unavailable' from command line to 'False'
[0.875s] Level 5:colcon.colcon_core.verb:set package 'cpp' build argument 'cmake_clean_cache' from command line to 'False'
[0.875s] Level 5:colcon.colcon_core.verb:set package 'cpp' build argument 'cmake_clean_first' from command line to 'False'
[0.875s] Level 5:colcon.colcon_core.verb:set package 'cpp' build argument 'cmake_force_configure' from command line to 'False'
[0.875s] Level 5:colcon.colcon_core.verb:set package 'cpp' build argument 'ament_cmake_args' from command line to 'None'
[0.875s] Level 5:colcon.colcon_core.verb:set package 'cpp' build argument 'catkin_cmake_args' from command line to 'None'
[0.875s] Level 5:colcon.colcon_core.verb:set package 'cpp' build argument 'catkin_skip_building_tests' from command line to 'False'
[0.875s] DEBUG:colcon.colcon_core.verb:Building package 'cpp' with the following arguments: {'ament_cmake_args': None, 'build_base': '/home/athul/Hiwi/submodules/planeDetection/build/cpp', 'catkin_cmake_args': None, 'catkin_skip_building_tests': False, 'cmake_args': None, 'cmake_clean_cache': False, 'cmake_clean_first': False, 'cmake_force_configure': False, 'cmake_target': None, 'cmake_target_skip_unavailable': False, 'install_base': '/home/athul/Hiwi/submodules/planeDetection/install/cpp', 'merge_install': False, 'path': '/home/athul/Hiwi/submodules/planeDetection/ros2/src/cpp', 'symlink_install': False, 'test_result_base': None}
[0.875s] Level 5:colcon.colcon_core.verb:set package 'my_octomap_converter' build argument 'cmake_args' from command line to 'None'
[0.875s] Level 5:colcon.colcon_core.verb:set package 'my_octomap_converter' build argument 'cmake_target' from command line to 'None'
[0.875s] Level 5:colcon.colcon_core.verb:set package 'my_octomap_converter' build argument 'cmake_target_skip_unavailable' from command line to 'False'
[0.875s] Level 5:colcon.colcon_core.verb:set package 'my_octomap_converter' build argument 'cmake_clean_cache' from command line to 'False'
[0.875s] Level 5:colcon.colcon_core.verb:set package 'my_octomap_converter' build argument 'cmake_clean_first' from command line to 'False'
[0.875s] Level 5:colcon.colcon_core.verb:set package 'my_octomap_converter' build argument 'cmake_force_configure' from command line to 'False'
[0.875s] Level 5:colcon.colcon_core.verb:set package 'my_octomap_converter' build argument 'ament_cmake_args' from command line to 'None'
[0.875s] Level 5:colcon.colcon_core.verb:set package 'my_octomap_converter' build argument 'catkin_cmake_args' from command line to 'None'
[0.875s] Level 5:colcon.colcon_core.verb:set package 'my_octomap_converter' build argument 'catkin_skip_building_tests' from command line to 'False'
[0.875s] DEBUG:colcon.colcon_core.verb:Building package 'my_octomap_converter' with the following arguments: {'ament_cmake_args': None, 'build_base': '/home/athul/Hiwi/submodules/planeDetection/build/my_octomap_converter', 'catkin_cmake_args': None, 'catkin_skip_building_tests': False, 'cmake_args': None, 'cmake_clean_cache': False, 'cmake_clean_first': False, 'cmake_force_configure': False, 'cmake_target': None, 'cmake_target_skip_unavailable': False, 'install_base': '/home/athul/Hiwi/submodules/planeDetection/install/my_octomap_converter', 'merge_install': False, 'path': '/home/athul/Hiwi/submodules/planeDetection/ros2/src/my_octomap_converter/my_octomap_converter', 'symlink_install': False, 'test_result_base': None}
[0.875s] Level 5:colcon.colcon_core.verb:set package 'octomap_server2' build argument 'cmake_args' from command line to 'None'
[0.875s] Level 5:colcon.colcon_core.verb:set package 'octomap_server2' build argument 'cmake_target' from command line to 'None'
[0.875s] Level 5:colcon.colcon_core.verb:set package 'octomap_server2' build argument 'cmake_target_skip_unavailable' from command line to 'False'
[0.875s] Level 5:colcon.colcon_core.verb:set package 'octomap_server2' build argument 'cmake_clean_cache' from command line to 'False'
[0.875s] Level 5:colcon.colcon_core.verb:set package 'octomap_server2' build argument 'cmake_clean_first' from command line to 'False'
[0.875s] Level 5:colcon.colcon_core.verb:set package 'octomap_server2' build argument 'cmake_force_configure' from command line to 'False'
[0.875s] Level 5:colcon.colcon_core.verb:set package 'octomap_server2' build argument 'ament_cmake_args' from command line to 'None'
[0.875s] Level 5:colcon.colcon_core.verb:set package 'octomap_server2' build argument 'catkin_cmake_args' from command line to 'None'
[0.876s] Level 5:colcon.colcon_core.verb:set package 'octomap_server2' build argument 'catkin_skip_building_tests' from command line to 'False'
[0.876s] DEBUG:colcon.colcon_core.verb:Building package 'octomap_server2' with the following arguments: {'ament_cmake_args': None, 'build_base': '/home/athul/Hiwi/submodules/planeDetection/build/octomap_server2', 'catkin_cmake_args': None, 'catkin_skip_building_tests': False, 'cmake_args': None, 'cmake_clean_cache': False, 'cmake_clean_first': False, 'cmake_force_configure': False, 'cmake_target': None, 'cmake_target_skip_unavailable': False, 'install_base': '/home/athul/Hiwi/submodules/planeDetection/install/octomap_server2', 'merge_install': False, 'path': '/home/athul/Hiwi/submodules/planeDetection/ros2/src/octomap_server2', 'symlink_install': False, 'test_result_base': None}
[0.876s] Level 5:colcon.colcon_core.verb:set package 'pointcloud_plane_detection' build argument 'cmake_args' from command line to 'None'
[0.876s] Level 5:colcon.colcon_core.verb:set package 'pointcloud_plane_detection' build argument 'cmake_target' from command line to 'None'
[0.876s] Level 5:colcon.colcon_core.verb:set package 'pointcloud_plane_detection' build argument 'cmake_target_skip_unavailable' from command line to 'False'
[0.876s] Level 5:colcon.colcon_core.verb:set package 'pointcloud_plane_detection' build argument 'cmake_clean_cache' from command line to 'False'
[0.876s] Level 5:colcon.colcon_core.verb:set package 'pointcloud_plane_detection' build argument 'cmake_clean_first' from command line to 'False'
[0.876s] Level 5:colcon.colcon_core.verb:set package 'pointcloud_plane_detection' build argument 'cmake_force_configure' from command line to 'False'
[0.876s] Level 5:colcon.colcon_core.verb:set package 'pointcloud_plane_detection' build argument 'ament_cmake_args' from command line to 'None'
[0.876s] Level 5:colcon.colcon_core.verb:set package 'pointcloud_plane_detection' build argument 'catkin_cmake_args' from command line to 'None'
[0.876s] Level 5:colcon.colcon_core.verb:set package 'pointcloud_plane_detection' build argument 'catkin_skip_building_tests' from command line to 'False'
[0.876s] DEBUG:colcon.colcon_core.verb:Building package 'pointcloud_plane_detection' with the following arguments: {'ament_cmake_args': None, 'build_base': '/home/athul/Hiwi/submodules/planeDetection/build/pointcloud_plane_detection', 'catkin_cmake_args': None, 'catkin_skip_building_tests': False, 'cmake_args': None, 'cmake_clean_cache': False, 'cmake_clean_first': False, 'cmake_force_configure': False, 'cmake_target': None, 'cmake_target_skip_unavailable': False, 'install_base': '/home/athul/Hiwi/submodules/planeDetection/install/pointcloud_plane_detection', 'merge_install': False, 'path': '/home/athul/Hiwi/submodules/planeDetection/ros2/src/pointcloud_plane_detection', 'symlink_install': False, 'test_result_base': None}
[0.876s] Level 5:colcon.colcon_core.verb:set package 'pointcloud_publisher' build argument 'cmake_args' from command line to 'None'
[0.876s] Level 5:colcon.colcon_core.verb:set package 'pointcloud_publisher' build argument 'cmake_target' from command line to 'None'
[0.876s] Level 5:colcon.colcon_core.verb:set package 'pointcloud_publisher' build argument 'cmake_target_skip_unavailable' from command line to 'False'
[0.876s] Level 5:colcon.colcon_core.verb:set package 'pointcloud_publisher' build argument 'cmake_clean_cache' from command line to 'False'
[0.876s] Level 5:colcon.colcon_core.verb:set package 'pointcloud_publisher' build argument 'cmake_clean_first' from command line to 'False'
[0.876s] Level 5:colcon.colcon_core.verb:set package 'pointcloud_publisher' build argument 'cmake_force_configure' from command line to 'False'
[0.876s] Level 5:colcon.colcon_core.verb:set package 'pointcloud_publisher' build argument 'ament_cmake_args' from command line to 'None'
[0.876s] Level 5:colcon.colcon_core.verb:set package 'pointcloud_publisher' build argument 'catkin_cmake_args' from command line to 'None'
[0.876s] Level 5:colcon.colcon_core.verb:set package 'pointcloud_publisher' build argument 'catkin_skip_building_tests' from command line to 'False'
[0.876s] DEBUG:colcon.colcon_core.verb:Building package 'pointcloud_publisher' with the following arguments: {'ament_cmake_args': None, 'build_base': '/home/athul/Hiwi/submodules/planeDetection/build/pointcloud_publisher', 'catkin_cmake_args': None, 'catkin_skip_building_tests': False, 'cmake_args': None, 'cmake_clean_cache': False, 'cmake_clean_first': False, 'cmake_force_configure': False, 'cmake_target': None, 'cmake_target_skip_unavailable': False, 'install_base': '/home/athul/Hiwi/submodules/planeDetection/install/pointcloud_publisher', 'merge_install': False, 'path': '/home/athul/Hiwi/submodules/planeDetection/ros2/src/pointcloud_publisher', 'symlink_install': False, 'test_result_base': None}
[0.876s] INFO:colcon.colcon_core.executor:Executing jobs using 'parallel' executor
[0.877s] DEBUG:colcon.colcon_parallel_executor.executor.parallel:run_until_complete
[0.877s] INFO:colcon.colcon_cmake.task.cmake.build:Building CMake package in '/home/athul/Hiwi/submodules/planeDetection/ros2/src/cpp'
[0.881s] INFO:colcon.colcon_core.plugin_system:Skipping extension 'colcon_core.shell.bat': Not used on non-Windows systems
[0.881s] INFO:colcon.colcon_core.shell:Skip shell extension 'powershell' for command environment: Not usable outside of PowerShell
[0.881s] DEBUG:colcon.colcon_core.shell:Skip shell extension 'dsv' for command environment
[0.887s] INFO:colcon.colcon_ros.task.ament_cmake.build:Building ROS package in '/home/athul/Hiwi/submodules/planeDetection/ros2/src/my_octomap_converter/my_octomap_converter' with build type 'ament_cmake'
[0.887s] INFO:colcon.colcon_cmake.task.cmake.build:Building CMake package in '/home/athul/Hiwi/submodules/planeDetection/ros2/src/my_octomap_converter/my_octomap_converter'
[0.888s] INFO:colcon.colcon_core.shell:Skip shell extension 'powershell' for command environment: Not usable outside of PowerShell
[0.888s] DEBUG:colcon.colcon_core.shell:Skip shell extension 'dsv' for command environment
[0.897s] INFO:colcon.colcon_ros.task.ament_cmake.build:Building ROS package in '/home/athul/Hiwi/submodules/planeDetection/ros2/src/octomap_server2' with build type 'ament_cmake'
[0.897s] INFO:colcon.colcon_cmake.task.cmake.build:Building CMake package in '/home/athul/Hiwi/submodules/planeDetection/ros2/src/octomap_server2'
[0.897s] INFO:colcon.colcon_core.shell:Skip shell extension 'powershell' for command environment: Not usable outside of PowerShell
[0.897s] DEBUG:colcon.colcon_core.shell:Skip shell extension 'dsv' for command environment
[0.903s] INFO:colcon.colcon_ros.task.ament_python.build:Building ROS package in '/home/athul/Hiwi/submodules/planeDetection/ros2/src/pointcloud_plane_detection' with build type 'ament_python'
[0.903s] Level 1:colcon.colcon_core.shell:create_environment_hook('pointcloud_plane_detection', 'ament_prefix_path')
[0.903s] INFO:colcon.colcon_core.shell:Creating environment hook '/home/athul/Hiwi/submodules/planeDetection/install/pointcloud_plane_detection/share/pointcloud_plane_detection/hook/ament_prefix_path.ps1'
[0.904s] INFO:colcon.colcon_core.shell:Creating environment descriptor '/home/athul/Hiwi/submodules/planeDetection/install/pointcloud_plane_detection/share/pointcloud_plane_detection/hook/ament_prefix_path.dsv'
[0.905s] INFO:colcon.colcon_core.shell:Creating environment hook '/home/athul/Hiwi/submodules/planeDetection/install/pointcloud_plane_detection/share/pointcloud_plane_detection/hook/ament_prefix_path.sh'
[0.906s] INFO:colcon.colcon_core.shell:Skip shell extension 'powershell' for command environment: Not usable outside of PowerShell
[0.906s] DEBUG:colcon.colcon_core.shell:Skip shell extension 'dsv' for command environment
[0.911s] INFO:colcon.colcon_ros.task.ament_python.build:Building ROS package in '/home/athul/Hiwi/submodules/planeDetection/ros2/src/pointcloud_publisher' with build type 'ament_python'
[0.912s] Level 1:colcon.colcon_core.shell:create_environment_hook('pointcloud_publisher', 'ament_prefix_path')
[0.913s] INFO:colcon.colcon_core.shell:Creating environment hook '/home/athul/Hiwi/submodules/planeDetection/install/pointcloud_publisher/share/pointcloud_publisher/hook/ament_prefix_path.ps1'
[0.914s] INFO:colcon.colcon_core.shell:Creating environment descriptor '/home/athul/Hiwi/submodules/planeDetection/install/pointcloud_publisher/share/pointcloud_publisher/hook/ament_prefix_path.dsv'
[0.915s] INFO:colcon.colcon_core.shell:Creating environment hook '/home/athul/Hiwi/submodules/planeDetection/install/pointcloud_publisher/share/pointcloud_publisher/hook/ament_prefix_path.sh'
[0.915s] INFO:colcon.colcon_core.shell:Skip shell extension 'powershell' for command environment: Not usable outside of PowerShell
[0.915s] DEBUG:colcon.colcon_core.shell:Skip shell extension 'dsv' for command environment
[0.926s] DEBUG:colcon.colcon_core.event_handler.log_command:Invoking command in '/home/athul/Hiwi/submodules/planeDetection/build/cpp': /usr/bin/cmake /home/athul/Hiwi/submodules/planeDetection/ros2/src/cpp -DCMAKE_INSTALL_PREFIX=/home/athul/Hiwi/submodules/planeDetection/install/cpp
[0.931s] DEBUG:colcon.colcon_core.event_handler.log_command:Invoking command in '/home/athul/Hiwi/submodules/planeDetection/build/my_octomap_converter': CMAKE_PREFIX_PATH=/opt/ros/foxy /usr/bin/cmake /home/athul/Hiwi/submodules/planeDetection/ros2/src/my_octomap_converter/my_octomap_converter -DCMAKE_INSTALL_PREFIX=/home/athul/Hiwi/submodules/planeDetection/install/my_octomap_converter
[0.935s] DEBUG:colcon.colcon_core.event_handler.log_command:Invoking command in '/home/athul/Hiwi/submodules/planeDetection/build/octomap_server2': CMAKE_PREFIX_PATH=/opt/ros/foxy /usr/bin/cmake /home/athul/Hiwi/submodules/planeDetection/ros2/src/octomap_server2 -DCMAKE_INSTALL_PREFIX=/home/athul/Hiwi/submodules/planeDetection/install/octomap_server2
[1.131s] INFO:colcon.colcon_core.task.python.build:Building Python package in '/home/athul/Hiwi/submodules/planeDetection/ros2/src/pointcloud_plane_detection'
[1.132s] INFO:colcon.colcon_core.shell:Skip shell extension 'powershell' for command environment: Not usable outside of PowerShell
[1.132s] DEBUG:colcon.colcon_core.shell:Skip shell extension 'dsv' for command environment
[1.353s] INFO:colcon.colcon_core.task.python.build:Building Python package in '/home/athul/Hiwi/submodules/planeDetection/ros2/src/pointcloud_publisher'
[1.354s] INFO:colcon.colcon_core.shell:Skip shell extension 'powershell' for command environment: Not usable outside of PowerShell
[1.354s] DEBUG:colcon.colcon_core.shell:Skip shell extension 'dsv' for command environment
[1.471s] DEBUG:colcon.colcon_core.event_handler.log_command:Invoked command in '/home/athul/Hiwi/submodules/planeDetection/build/cpp' returned '0': /usr/bin/cmake /home/athul/Hiwi/submodules/planeDetection/ros2/src/cpp -DCMAKE_INSTALL_PREFIX=/home/athul/Hiwi/submodules/planeDetection/install/cpp
[1.475s] DEBUG:colcon.colcon_core.event_handler.log_command:Invoking command in '/home/athul/Hiwi/submodules/planeDetection/build/cpp': /usr/bin/cmake --build /home/athul/Hiwi/submodules/planeDetection/build/cpp -- -j16 -l16
[1.516s] DEBUG:colcon.colcon_core.event_handler.log_command:Invoked command in '/home/athul/Hiwi/submodules/planeDetection/build/cpp' returned '0': /usr/bin/cmake --build /home/athul/Hiwi/submodules/planeDetection/build/cpp -- -j16 -l16
[1.537s] WARNING:colcon.colcon_cmake.task.cmake.build:Could not run installation step for package 'cpp' because it has no 'install' target
[1.538s] Level 1:colcon.colcon_core.environment:create_environment_scripts_only(cpp)
[1.543s] Level 1:colcon.colcon_core.environment:checking '/home/athul/Hiwi/submodules/planeDetection/install/cpp' for CMake module files
[1.543s] Level 1:colcon.colcon_core.environment:checking '/home/athul/Hiwi/submodules/planeDetection/install/cpp' for CMake config files
[1.543s] Level 1:colcon.colcon_core.environment:checking '/home/athul/Hiwi/submodules/planeDetection/install/cpp/bin'
[1.544s] Level 1:colcon.colcon_core.environment:checking '/home/athul/Hiwi/submodules/planeDetection/install/cpp/lib/pkgconfig/cpp.pc'
[1.544s] Level 1:colcon.colcon_core.environment:checking '/home/athul/Hiwi/submodules/planeDetection/install/cpp/lib/python3.8/site-packages'
[1.544s] Level 1:colcon.colcon_core.environment:checking '/home/athul/Hiwi/submodules/planeDetection/install/cpp/bin'
[1.544s] INFO:colcon.colcon_core.shell:Creating package script '/home/athul/Hiwi/submodules/planeDetection/install/cpp/share/cpp/package.ps1'
[1.545s] INFO:colcon.colcon_core.shell:Creating package descriptor '/home/athul/Hiwi/submodules/planeDetection/install/cpp/share/cpp/package.dsv'
[1.545s] INFO:colcon.colcon_core.shell:Creating package script '/home/athul/Hiwi/submodules/planeDetection/install/cpp/share/cpp/package.sh'
[1.546s] INFO:colcon.colcon_core.shell:Creating package script '/home/athul/Hiwi/submodules/planeDetection/install/cpp/share/cpp/package.bash'
[1.548s] INFO:colcon.colcon_core.shell:Creating package script '/home/athul/Hiwi/submodules/planeDetection/install/cpp/share/cpp/package.zsh'
[1.549s] Level 1:colcon.colcon_core.environment:create_file_with_runtime_dependencies(/home/athul/Hiwi/submodules/planeDetection/install/cpp/share/colcon-core/packages/cpp)
[1.827s] DEBUG:colcon.colcon_core.event_handler.log_command:Invoking command in '/home/athul/Hiwi/submodules/planeDetection/ros2/src/pointcloud_publisher': PYTHONPATH=/home/athul/Hiwi/submodules/planeDetection/build/pointcloud_publisher/prefix_override:/usr/lib/python3/dist-packages/colcon_core/task/python/colcon_distutils_commands:/home/athul/Hiwi/submodules/planeDetection/install/pointcloud_publisher/lib/python3.8/site-packages:${PYTHONPATH} /usr/bin/python3 -W ignore:setup.py install is deprecated setup.py egg_info --egg-base ../../../build/pointcloud_publisher build --build-base /home/athul/Hiwi/submodules/planeDetection/build/pointcloud_publisher/build install --record /home/athul/Hiwi/submodules/planeDetection/build/pointcloud_publisher/install.log --single-version-externally-managed install_data
[1.836s] DEBUG:colcon.colcon_core.event_handler.log_command:Invoking command in '/home/athul/Hiwi/submodules/planeDetection/ros2/src/pointcloud_plane_detection': PYTHONPATH=/home/athul/Hiwi/submodules/planeDetection/build/pointcloud_plane_detection/prefix_override:/usr/lib/python3/dist-packages/colcon_core/task/python/colcon_distutils_commands:/home/athul/Hiwi/submodules/planeDetection/install/pointcloud_plane_detection/lib/python3.8/site-packages:${PYTHONPATH} /usr/bin/python3 -W ignore:setup.py install is deprecated setup.py egg_info --egg-base ../../../build/pointcloud_plane_detection build --build-base /home/athul/Hiwi/submodules/planeDetection/build/pointcloud_plane_detection/build install --record /home/athul/Hiwi/submodules/planeDetection/build/pointcloud_plane_detection/install.log --install-scripts $base/lib/pointcloud_plane_detection --single-version-externally-managed install_data
[2.076s] Level 1:colcon.colcon_core.environment:checking '/home/athul/Hiwi/submodules/planeDetection/install/pointcloud_publisher' for CMake module files
[2.077s] DEBUG:colcon.colcon_core.event_handler.log_command:Invoked command in '/home/athul/Hiwi/submodules/planeDetection/ros2/src/pointcloud_publisher' returned '0': PYTHONPATH=/home/athul/Hiwi/submodules/planeDetection/build/pointcloud_publisher/prefix_override:/usr/lib/python3/dist-packages/colcon_core/task/python/colcon_distutils_commands:/home/athul/Hiwi/submodules/planeDetection/install/pointcloud_publisher/lib/python3.8/site-packages:${PYTHONPATH} /usr/bin/python3 -W ignore:setup.py install is deprecated setup.py egg_info --egg-base ../../../build/pointcloud_publisher build --build-base /home/athul/Hiwi/submodules/planeDetection/build/pointcloud_publisher/build install --record /home/athul/Hiwi/submodules/planeDetection/build/pointcloud_publisher/install.log --single-version-externally-managed install_data
[2.077s] Level 1:colcon.colcon_core.environment:checking '/home/athul/Hiwi/submodules/planeDetection/install/pointcloud_publisher' for CMake config files
[2.078s] Level 1:colcon.colcon_core.environment:checking '/home/athul/Hiwi/submodules/planeDetection/install/pointcloud_publisher/lib'
[2.079s] Level 1:colcon.colcon_core.environment:checking '/home/athul/Hiwi/submodules/planeDetection/install/pointcloud_publisher/bin'
[2.079s] Level 1:colcon.colcon_core.environment:checking '/home/athul/Hiwi/submodules/planeDetection/install/pointcloud_publisher/lib/pkgconfig/pointcloud_publisher.pc'
[2.079s] Level 1:colcon.colcon_core.environment:checking '/home/athul/Hiwi/submodules/planeDetection/install/pointcloud_publisher/lib/python3.8/site-packages'
[2.079s] Level 1:colcon.colcon_core.shell:create_environment_hook('pointcloud_publisher', 'pythonpath')
[2.080s] INFO:colcon.colcon_core.shell:Creating environment hook '/home/athul/Hiwi/submodules/planeDetection/install/pointcloud_publisher/share/pointcloud_publisher/hook/pythonpath.ps1'
[2.080s] INFO:colcon.colcon_core.shell:Creating environment descriptor '/home/athul/Hiwi/submodules/planeDetection/install/pointcloud_publisher/share/pointcloud_publisher/hook/pythonpath.dsv'
[2.081s] INFO:colcon.colcon_core.shell:Creating environment hook '/home/athul/Hiwi/submodules/planeDetection/install/pointcloud_publisher/share/pointcloud_publisher/hook/pythonpath.sh'
[2.082s] Level 1:colcon.colcon_core.environment:checking '/home/athul/Hiwi/submodules/planeDetection/install/pointcloud_publisher/bin'
[2.082s] Level 1:colcon.colcon_core.environment:create_environment_scripts_only(pointcloud_publisher)
[2.083s] INFO:colcon.colcon_core.shell:Creating package script '/home/athul/Hiwi/submodules/planeDetection/install/pointcloud_publisher/share/pointcloud_publisher/package.ps1'
[2.083s] INFO:colcon.colcon_core.shell:Creating package descriptor '/home/athul/Hiwi/submodules/planeDetection/install/pointcloud_publisher/share/pointcloud_publisher/package.dsv'
[2.084s] INFO:colcon.colcon_core.shell:Creating package script '/home/athul/Hiwi/submodules/planeDetection/install/pointcloud_publisher/share/pointcloud_publisher/package.sh'
[2.084s] INFO:colcon.colcon_core.shell:Creating package script '/home/athul/Hiwi/submodules/planeDetection/install/pointcloud_publisher/share/pointcloud_publisher/package.bash'
[2.085s] INFO:colcon.colcon_core.shell:Creating package script '/home/athul/Hiwi/submodules/planeDetection/install/pointcloud_publisher/share/pointcloud_publisher/package.zsh'
[2.085s] Level 1:colcon.colcon_core.environment:create_file_with_runtime_dependencies(/home/athul/Hiwi/submodules/planeDetection/install/pointcloud_publisher/share/colcon-core/packages/pointcloud_publisher)
[2.101s] Level 1:colcon.colcon_core.environment:checking '/home/athul/Hiwi/submodules/planeDetection/install/pointcloud_plane_detection' for CMake module files
[2.102s] DEBUG:colcon.colcon_core.event_handler.log_command:Invoked command in '/home/athul/Hiwi/submodules/planeDetection/ros2/src/pointcloud_plane_detection' returned '0': PYTHONPATH=/home/athul/Hiwi/submodules/planeDetection/build/pointcloud_plane_detection/prefix_override:/usr/lib/python3/dist-packages/colcon_core/task/python/colcon_distutils_commands:/home/athul/Hiwi/submodules/planeDetection/install/pointcloud_plane_detection/lib/python3.8/site-packages:${PYTHONPATH} /usr/bin/python3 -W ignore:setup.py install is deprecated setup.py egg_info --egg-base ../../../build/pointcloud_plane_detection build --build-base /home/athul/Hiwi/submodules/planeDetection/build/pointcloud_plane_detection/build install --record /home/athul/Hiwi/submodules/planeDetection/build/pointcloud_plane_detection/install.log --install-scripts $base/lib/pointcloud_plane_detection --single-version-externally-managed install_data
[2.102s] Level 1:colcon.colcon_core.environment:checking '/home/athul/Hiwi/submodules/planeDetection/install/pointcloud_plane_detection' for CMake config files
[2.103s] Level 1:colcon.colcon_core.environment:checking '/home/athul/Hiwi/submodules/planeDetection/install/pointcloud_plane_detection/lib'
[2.104s] Level 1:colcon.colcon_core.environment:checking '/home/athul/Hiwi/submodules/planeDetection/install/pointcloud_plane_detection/bin'
[2.104s] Level 1:colcon.colcon_core.environment:checking '/home/athul/Hiwi/submodules/planeDetection/install/pointcloud_plane_detection/lib/pkgconfig/pointcloud_plane_detection.pc'
[2.104s] Level 1:colcon.colcon_core.environment:checking '/home/athul/Hiwi/submodules/planeDetection/install/pointcloud_plane_detection/lib/python3.8/site-packages'
[2.104s] Level 1:colcon.colcon_core.shell:create_environment_hook('pointcloud_plane_detection', 'pythonpath')
[2.104s] INFO:colcon.colcon_core.shell:Creating environment hook '/home/athul/Hiwi/submodules/planeDetection/install/pointcloud_plane_detection/share/pointcloud_plane_detection/hook/pythonpath.ps1'
[2.105s] INFO:colcon.colcon_core.shell:Creating environment descriptor '/home/athul/Hiwi/submodules/planeDetection/install/pointcloud_plane_detection/share/pointcloud_plane_detection/hook/pythonpath.dsv'
[2.105s] INFO:colcon.colcon_core.shell:Creating environment hook '/home/athul/Hiwi/submodules/planeDetection/install/pointcloud_plane_detection/share/pointcloud_plane_detection/hook/pythonpath.sh'
[2.106s] Level 1:colcon.colcon_core.environment:checking '/home/athul/Hiwi/submodules/planeDetection/install/pointcloud_plane_detection/bin'
[2.106s] Level 1:colcon.colcon_core.environment:create_environment_scripts_only(pointcloud_plane_detection)
[2.106s] INFO:colcon.colcon_core.shell:Creating package script '/home/athul/Hiwi/submodules/planeDetection/install/pointcloud_plane_detection/share/pointcloud_plane_detection/package.ps1'
[2.106s] INFO:colcon.colcon_core.shell:Creating package descriptor '/home/athul/Hiwi/submodules/planeDetection/install/pointcloud_plane_detection/share/pointcloud_plane_detection/package.dsv'
[2.107s] INFO:colcon.colcon_core.shell:Creating package script '/home/athul/Hiwi/submodules/planeDetection/install/pointcloud_plane_detection/share/pointcloud_plane_detection/package.sh'
[2.107s] INFO:colcon.colcon_core.shell:Creating package script '/home/athul/Hiwi/submodules/planeDetection/install/pointcloud_plane_detection/share/pointcloud_plane_detection/package.bash'
[2.107s] INFO:colcon.colcon_core.shell:Creating package script '/home/athul/Hiwi/submodules/planeDetection/install/pointcloud_plane_detection/share/pointcloud_plane_detection/package.zsh'
[2.107s] Level 1:colcon.colcon_core.environment:create_file_with_runtime_dependencies(/home/athul/Hiwi/submodules/planeDetection/install/pointcloud_plane_detection/share/colcon-core/packages/pointcloud_plane_detection)
[3.488s] DEBUG:colcon.colcon_core.event_handler.log_command:Invoked command in '/home/athul/Hiwi/submodules/planeDetection/build/my_octomap_converter' returned '0': CMAKE_PREFIX_PATH=/opt/ros/foxy /usr/bin/cmake /home/athul/Hiwi/submodules/planeDetection/ros2/src/my_octomap_converter/my_octomap_converter -DCMAKE_INSTALL_PREFIX=/home/athul/Hiwi/submodules/planeDetection/install/my_octomap_converter
[3.492s] DEBUG:colcon.colcon_core.event_handler.log_command:Invoking command in '/home/athul/Hiwi/submodules/planeDetection/build/my_octomap_converter': CMAKE_PREFIX_PATH=/opt/ros/foxy /usr/bin/cmake --build /home/athul/Hiwi/submodules/planeDetection/build/my_octomap_converter -- -j16 -l16
[4.645s] DEBUG:colcon.colcon_core.event_handler.log_command:Invoked command in '/home/athul/Hiwi/submodules/planeDetection/build/octomap_server2' returned '0': CMAKE_PREFIX_PATH=/opt/ros/foxy /usr/bin/cmake /home/athul/Hiwi/submodules/planeDetection/ros2/src/octomap_server2 -DCMAKE_INSTALL_PREFIX=/home/athul/Hiwi/submodules/planeDetection/install/octomap_server2
[4.649s] DEBUG:colcon.colcon_core.event_handler.log_command:Invoking command in '/home/athul/Hiwi/submodules/planeDetection/build/octomap_server2': CMAKE_PREFIX_PATH=/opt/ros/foxy /usr/bin/cmake --build /home/athul/Hiwi/submodules/planeDetection/build/octomap_server2 -- -j16 -l16
[8.408s] DEBUG:colcon.colcon_core.event_handler.log_command:Invoked command in '/home/athul/Hiwi/submodules/planeDetection/build/my_octomap_converter' returned '0': CMAKE_PREFIX_PATH=/opt/ros/foxy /usr/bin/cmake --build /home/athul/Hiwi/submodules/planeDetection/build/my_octomap_converter -- -j16 -l16
[8.471s] DEBUG:colcon.colcon_core.event_handler.log_command:Invoking command in '/home/athul/Hiwi/submodules/planeDetection/build/my_octomap_converter': CMAKE_PREFIX_PATH=/opt/ros/foxy /usr/bin/cmake --install /home/athul/Hiwi/submodules/planeDetection/build/my_octomap_converter
[8.487s] Level 1:colcon.colcon_core.environment:create_environment_scripts_only(my_octomap_converter)
[8.488s] Level 1:colcon.colcon_core.environment:checking '/home/athul/Hiwi/submodules/planeDetection/install/my_octomap_converter' for CMake module files
[8.489s] DEBUG:colcon.colcon_core.event_handler.log_command:Invoked command in '/home/athul/Hiwi/submodules/planeDetection/build/my_octomap_converter' returned '0': CMAKE_PREFIX_PATH=/opt/ros/foxy /usr/bin/cmake --install /home/athul/Hiwi/submodules/planeDetection/build/my_octomap_converter
[8.489s] Level 1:colcon.colcon_core.environment:checking '/home/athul/Hiwi/submodules/planeDetection/install/my_octomap_converter' for CMake config files
[8.490s] Level 1:colcon.colcon_core.shell:create_environment_hook('my_octomap_converter', 'cmake_prefix_path')
[8.490s] INFO:colcon.colcon_core.shell:Creating environment hook '/home/athul/Hiwi/submodules/planeDetection/install/my_octomap_converter/share/my_octomap_converter/hook/cmake_prefix_path.ps1'
[8.491s] INFO:colcon.colcon_core.shell:Creating environment descriptor '/home/athul/Hiwi/submodules/planeDetection/install/my_octomap_converter/share/my_octomap_converter/hook/cmake_prefix_path.dsv'
[8.491s] INFO:colcon.colcon_core.shell:Creating environment hook '/home/athul/Hiwi/submodules/planeDetection/install/my_octomap_converter/share/my_octomap_converter/hook/cmake_prefix_path.sh'
[8.492s] Level 1:colcon.colcon_core.environment:checking '/home/athul/Hiwi/submodules/planeDetection/install/my_octomap_converter/lib'
[8.492s] Level 1:colcon.colcon_core.environment:checking '/home/athul/Hiwi/submodules/planeDetection/install/my_octomap_converter/bin'
[8.492s] Level 1:colcon.colcon_core.environment:checking '/home/athul/Hiwi/submodules/planeDetection/install/my_octomap_converter/lib/pkgconfig/my_octomap_converter.pc'
[8.493s] Level 1:colcon.colcon_core.environment:checking '/home/athul/Hiwi/submodules/planeDetection/install/my_octomap_converter/lib/python3.8/site-packages'
[8.493s] Level 1:colcon.colcon_core.environment:checking '/home/athul/Hiwi/submodules/planeDetection/install/my_octomap_converter/bin'
[8.493s] INFO:colcon.colcon_core.shell:Creating package script '/home/athul/Hiwi/submodules/planeDetection/install/my_octomap_converter/share/my_octomap_converter/package.ps1'
[8.494s] INFO:colcon.colcon_core.shell:Creating package descriptor '/home/athul/Hiwi/submodules/planeDetection/install/my_octomap_converter/share/my_octomap_converter/package.dsv'
[8.494s] INFO:colcon.colcon_core.shell:Creating package script '/home/athul/Hiwi/submodules/planeDetection/install/my_octomap_converter/share/my_octomap_converter/package.sh'
[8.495s] INFO:colcon.colcon_core.shell:Creating package script '/home/athul/Hiwi/submodules/planeDetection/install/my_octomap_converter/share/my_octomap_converter/package.bash'
[8.495s] INFO:colcon.colcon_core.shell:Creating package script '/home/athul/Hiwi/submodules/planeDetection/install/my_octomap_converter/share/my_octomap_converter/package.zsh'
[8.495s] Level 1:colcon.colcon_core.environment:create_file_with_runtime_dependencies(/home/athul/Hiwi/submodules/planeDetection/install/my_octomap_converter/share/colcon-core/packages/my_octomap_converter)
[8.539s] Level 1:colcon.colcon_core.environment:create_environment_scripts_only(my_octomap_converter)
[8.539s] Level 1:colcon.colcon_core.environment:checking '/home/athul/Hiwi/submodules/planeDetection/install/my_octomap_converter' for CMake module files
[8.540s] Level 1:colcon.colcon_core.environment:checking '/home/athul/Hiwi/submodules/planeDetection/install/my_octomap_converter' for CMake config files
[8.540s] Level 1:colcon.colcon_core.shell:create_environment_hook('my_octomap_converter', 'cmake_prefix_path')
[8.541s] INFO:colcon.colcon_core.shell:Creating environment hook '/home/athul/Hiwi/submodules/planeDetection/install/my_octomap_converter/share/my_octomap_converter/hook/cmake_prefix_path.ps1'
[8.541s] INFO:colcon.colcon_core.shell:Creating environment descriptor '/home/athul/Hiwi/submodules/planeDetection/install/my_octomap_converter/share/my_octomap_converter/hook/cmake_prefix_path.dsv'
[8.542s] INFO:colcon.colcon_core.shell:Creating environment hook '/home/athul/Hiwi/submodules/planeDetection/install/my_octomap_converter/share/my_octomap_converter/hook/cmake_prefix_path.sh'
[8.543s] Level 1:colcon.colcon_core.environment:checking '/home/athul/Hiwi/submodules/planeDetection/install/my_octomap_converter/lib'
[8.543s] Level 1:colcon.colcon_core.environment:checking '/home/athul/Hiwi/submodules/planeDetection/install/my_octomap_converter/bin'
[8.543s] Level 1:colcon.colcon_core.environment:checking '/home/athul/Hiwi/submodules/planeDetection/install/my_octomap_converter/lib/pkgconfig/my_octomap_converter.pc'
[8.543s] Level 1:colcon.colcon_core.environment:checking '/home/athul/Hiwi/submodules/planeDetection/install/my_octomap_converter/lib/python3.8/site-packages'
[8.543s] Level 1:colcon.colcon_core.environment:checking '/home/athul/Hiwi/submodules/planeDetection/install/my_octomap_converter/bin'
[8.544s] INFO:colcon.colcon_core.shell:Creating package script '/home/athul/Hiwi/submodules/planeDetection/install/my_octomap_converter/share/my_octomap_converter/package.ps1'
[8.545s] INFO:colcon.colcon_core.shell:Creating package descriptor '/home/athul/Hiwi/submodules/planeDetection/install/my_octomap_converter/share/my_octomap_converter/package.dsv'
[8.545s] INFO:colcon.colcon_core.shell:Creating package script '/home/athul/Hiwi/submodules/planeDetection/install/my_octomap_converter/share/my_octomap_converter/package.sh'
[8.546s] INFO:colcon.colcon_core.shell:Creating package script '/home/athul/Hiwi/submodules/planeDetection/install/my_octomap_converter/share/my_octomap_converter/package.bash'
[8.546s] INFO:colcon.colcon_core.shell:Creating package script '/home/athul/Hiwi/submodules/planeDetection/install/my_octomap_converter/share/my_octomap_converter/package.zsh'
[8.547s] Level 1:colcon.colcon_core.environment:create_file_with_runtime_dependencies(/home/athul/Hiwi/submodules/planeDetection/install/my_octomap_converter/share/colcon-core/packages/my_octomap_converter)
[20.851s] DEBUG:colcon.colcon_core.event_handler.log_command:Invoked command in '/home/athul/Hiwi/submodules/planeDetection/build/octomap_server2' returned '0': CMAKE_PREFIX_PATH=/opt/ros/foxy /usr/bin/cmake --build /home/athul/Hiwi/submodules/planeDetection/build/octomap_server2 -- -j16 -l16
[20.922s] DEBUG:colcon.colcon_core.event_handler.log_command:Invoking command in '/home/athul/Hiwi/submodules/planeDetection/build/octomap_server2': CMAKE_PREFIX_PATH=/opt/ros/foxy /usr/bin/cmake --install /home/athul/Hiwi/submodules/planeDetection/build/octomap_server2
[20.945s] Level 1:colcon.colcon_core.environment:create_environment_scripts_only(octomap_server2)
[20.946s] Level 1:colcon.colcon_core.environment:checking '/home/athul/Hiwi/submodules/planeDetection/install/octomap_server2' for CMake module files
[20.947s] DEBUG:colcon.colcon_core.event_handler.log_command:Invoked command in '/home/athul/Hiwi/submodules/planeDetection/build/octomap_server2' returned '0': CMAKE_PREFIX_PATH=/opt/ros/foxy /usr/bin/cmake --install /home/athul/Hiwi/submodules/planeDetection/build/octomap_server2
[20.947s] Level 1:colcon.colcon_core.environment:checking '/home/athul/Hiwi/submodules/planeDetection/install/octomap_server2' for CMake config files
[20.948s] Level 1:colcon.colcon_core.shell:create_environment_hook('octomap_server2', 'cmake_prefix_path')
[20.949s] INFO:colcon.colcon_core.shell:Creating environment hook '/home/athul/Hiwi/submodules/planeDetection/install/octomap_server2/share/octomap_server2/hook/cmake_prefix_path.ps1'
[20.949s] INFO:colcon.colcon_core.shell:Creating environment descriptor '/home/athul/Hiwi/submodules/planeDetection/install/octomap_server2/share/octomap_server2/hook/cmake_prefix_path.dsv'
[20.950s] INFO:colcon.colcon_core.shell:Creating environment hook '/home/athul/Hiwi/submodules/planeDetection/install/octomap_server2/share/octomap_server2/hook/cmake_prefix_path.sh'
[20.951s] Level 1:colcon.colcon_core.environment:checking '/home/athul/Hiwi/submodules/planeDetection/install/octomap_server2/lib'
[20.951s] Level 1:colcon.colcon_core.shell:create_environment_hook('octomap_server2', 'ld_library_path_lib')
[20.951s] INFO:colcon.colcon_core.shell:Creating environment hook '/home/athul/Hiwi/submodules/planeDetection/install/octomap_server2/share/octomap_server2/hook/ld_library_path_lib.ps1'
[20.952s] INFO:colcon.colcon_core.shell:Creating environment descriptor '/home/athul/Hiwi/submodules/planeDetection/install/octomap_server2/share/octomap_server2/hook/ld_library_path_lib.dsv'
[20.952s] INFO:colcon.colcon_core.shell:Creating environment hook '/home/athul/Hiwi/submodules/planeDetection/install/octomap_server2/share/octomap_server2/hook/ld_library_path_lib.sh'
[20.953s] Level 1:colcon.colcon_core.environment:checking '/home/athul/Hiwi/submodules/planeDetection/install/octomap_server2/bin'
[20.953s] Level 1:colcon.colcon_core.environment:checking '/home/athul/Hiwi/submodules/planeDetection/install/octomap_server2/lib/pkgconfig/octomap_server2.pc'
[20.954s] Level 1:colcon.colcon_core.environment:checking '/home/athul/Hiwi/submodules/planeDetection/install/octomap_server2/lib/python3.8/site-packages'
[20.954s] Level 1:colcon.colcon_core.environment:checking '/home/athul/Hiwi/submodules/planeDetection/install/octomap_server2/bin'
[20.955s] INFO:colcon.colcon_core.shell:Creating package script '/home/athul/Hiwi/submodules/planeDetection/install/octomap_server2/share/octomap_server2/package.ps1'
[20.955s] INFO:colcon.colcon_core.shell:Creating package descriptor '/home/athul/Hiwi/submodules/planeDetection/install/octomap_server2/share/octomap_server2/package.dsv'
[20.956s] INFO:colcon.colcon_core.shell:Creating package script '/home/athul/Hiwi/submodules/planeDetection/install/octomap_server2/share/octomap_server2/package.sh'
[20.957s] INFO:colcon.colcon_core.shell:Creating package script '/home/athul/Hiwi/submodules/planeDetection/install/octomap_server2/share/octomap_server2/package.bash'
[20.957s] INFO:colcon.colcon_core.shell:Creating package script '/home/athul/Hiwi/submodules/planeDetection/install/octomap_server2/share/octomap_server2/package.zsh'
[20.958s] Level 1:colcon.colcon_core.environment:create_file_with_runtime_dependencies(/home/athul/Hiwi/submodules/planeDetection/install/octomap_server2/share/colcon-core/packages/octomap_server2)
[21.018s] Level 1:colcon.colcon_core.environment:create_environment_scripts_only(octomap_server2)
[21.019s] Level 1:colcon.colcon_core.environment:checking '/home/athul/Hiwi/submodules/planeDetection/install/octomap_server2' for CMake module files
[21.020s] Level 1:colcon.colcon_core.environment:checking '/home/athul/Hiwi/submodules/planeDetection/install/octomap_server2' for CMake config files
[21.021s] Level 1:colcon.colcon_core.shell:create_environment_hook('octomap_server2', 'cmake_prefix_path')
[21.021s] INFO:colcon.colcon_core.shell:Creating environment hook '/home/athul/Hiwi/submodules/planeDetection/install/octomap_server2/share/octomap_server2/hook/cmake_prefix_path.ps1'
[21.022s] INFO:colcon.colcon_core.shell:Creating environment descriptor '/home/athul/Hiwi/submodules/planeDetection/install/octomap_server2/share/octomap_server2/hook/cmake_prefix_path.dsv'
[21.022s] INFO:colcon.colcon_core.shell:Creating environment hook '/home/athul/Hiwi/submodules/planeDetection/install/octomap_server2/share/octomap_server2/hook/cmake_prefix_path.sh'
[21.023s] Level 1:colcon.colcon_core.environment:checking '/home/athul/Hiwi/submodules/planeDetection/install/octomap_server2/lib'
[21.023s] Level 1:colcon.colcon_core.shell:create_environment_hook('octomap_server2', 'ld_library_path_lib')
[21.024s] INFO:colcon.colcon_core.shell:Creating environment hook '/home/athul/Hiwi/submodules/planeDetection/install/octomap_server2/share/octomap_server2/hook/ld_library_path_lib.ps1'
[21.024s] INFO:colcon.colcon_core.shell:Creating environment descriptor '/home/athul/Hiwi/submodules/planeDetection/install/octomap_server2/share/octomap_server2/hook/ld_library_path_lib.dsv'
[21.025s] INFO:colcon.colcon_core.shell:Creating environment hook '/home/athul/Hiwi/submodules/planeDetection/install/octomap_server2/share/octomap_server2/hook/ld_library_path_lib.sh'
[21.025s] Level 1:colcon.colcon_core.environment:checking '/home/athul/Hiwi/submodules/planeDetection/install/octomap_server2/bin'
[21.026s] Level 1:colcon.colcon_core.environment:checking '/home/athul/Hiwi/submodules/planeDetection/install/octomap_server2/lib/pkgconfig/octomap_server2.pc'
[21.026s] Level 1:colcon.colcon_core.environment:checking '/home/athul/Hiwi/submodules/planeDetection/install/octomap_server2/lib/python3.8/site-packages'
[21.026s] Level 1:colcon.colcon_core.environment:checking '/home/athul/Hiwi/submodules/planeDetection/install/octomap_server2/bin'
[21.026s] INFO:colcon.colcon_core.shell:Creating package script '/home/athul/Hiwi/submodules/planeDetection/install/octomap_server2/share/octomap_server2/package.ps1'
[21.026s] INFO:colcon.colcon_core.shell:Creating package descriptor '/home/athul/Hiwi/submodules/planeDetection/install/octomap_server2/share/octomap_server2/package.dsv'
[21.027s] INFO:colcon.colcon_core.shell:Creating package script '/home/athul/Hiwi/submodules/planeDetection/install/octomap_server2/share/octomap_server2/package.sh'
[21.027s] INFO:colcon.colcon_core.shell:Creating package script '/home/athul/Hiwi/submodules/planeDetection/install/octomap_server2/share/octomap_server2/package.bash'
[21.027s] INFO:colcon.colcon_core.shell:Creating package script '/home/athul/Hiwi/submodules/planeDetection/install/octomap_server2/share/octomap_server2/package.zsh'
[21.028s] Level 1:colcon.colcon_core.environment:create_file_with_runtime_dependencies(/home/athul/Hiwi/submodules/planeDetection/install/octomap_server2/share/colcon-core/packages/octomap_server2)
[21.028s] DEBUG:colcon.colcon_parallel_executor.executor.parallel:closing loop
[21.029s] DEBUG:colcon.colcon_parallel_executor.executor.parallel:loop closed
[21.029s] DEBUG:colcon.colcon_parallel_executor.executor.parallel:run_until_complete finished with '0'
[21.029s] DEBUG:colcon.colcon_core.event_reactor:joining thread
[21.040s] INFO:colcon.colcon_core.plugin_system:Skipping extension 'colcon_notification.desktop_notification.terminal_notifier': Not used on non-Darwin systems
[21.040s] INFO:colcon.colcon_core.plugin_system:Skipping extension 'colcon_notification.desktop_notification.win32': Not used on non-Windows systems
[21.040s] INFO:colcon.colcon_notification.desktop_notification:Sending desktop notification using 'notify2'
[21.163s] DEBUG:colcon.colcon_core.event_reactor:joined thread
[21.164s] INFO:colcon.colcon_core.shell:Creating prefix script '/home/athul/Hiwi/submodules/planeDetection/install/local_setup.ps1'
[21.165s] INFO:colcon.colcon_core.shell:Creating prefix util module '/home/athul/Hiwi/submodules/planeDetection/install/_local_setup_util_ps1.py'
[21.166s] INFO:colcon.colcon_core.shell:Creating prefix chain script '/home/athul/Hiwi/submodules/planeDetection/install/setup.ps1'
[21.167s] INFO:colcon.colcon_core.shell:Creating prefix script '/home/athul/Hiwi/submodules/planeDetection/install/local_setup.sh'
[21.168s] INFO:colcon.colcon_core.shell:Creating prefix util module '/home/athul/Hiwi/submodules/planeDetection/install/_local_setup_util_sh.py'
[21.168s] INFO:colcon.colcon_core.shell:Creating prefix chain script '/home/athul/Hiwi/submodules/planeDetection/install/setup.sh'
[21.168s] INFO:colcon.colcon_core.shell:Creating prefix script '/home/athul/Hiwi/submodules/planeDetection/install/local_setup.bash'
[21.169s] INFO:colcon.colcon_core.shell:Creating prefix chain script '/home/athul/Hiwi/submodules/planeDetection/install/setup.bash'
[21.170s] INFO:colcon.colcon_core.shell:Creating prefix script '/home/athul/Hiwi/submodules/planeDetection/install/local_setup.zsh'
[21.170s] INFO:colcon.colcon_core.shell:Creating prefix chain script '/home/athul/Hiwi/submodules/planeDetection/install/setup.zsh'
